{"logTime": "0526/102806", "correlationVector":"/RxIotSWbeVzPM4tkT9qJI.157","action":"GetUpdates", "result":"DeleteReceived", "context":{"id":"622fbbb7-ac2f-4a0e-965c-c8c511c37a83", "isDeleted:":"true", "version":"1683109439094"}}
{"logTime": "0526/102806", "correlationVector":"/RxIotSWbeVzPM4tkT9qJI.158","action":"GetUpdates", "result":"DeleteReceived", "context":{"id":"902a2faa-f5fe-4be0-9c5a-e7d3ac0eacf4", "isDeleted:":"true", "version":"1683117943502"}}
{"logTime": "0526/102806", "correlationVector":"/RxIotSWbeVzPM4tkT9qJI.159","action":"GetUpdates", "result":"DeleteReceived", "context":{"id":"d33dc2d3-4d6d-42fc-b57e-38928d9ed49e", "isDeleted:":"true", "version":"1683118237829"}}
{"logTime": "0526/102806", "correlationVector":"/RxIotSWbeVzPM4tkT9qJI.160","action":"GetUpdates", "result":"DeleteReceived", "context":{"id":"334c5ea0-cba0-4fc9-bba6-e0209cb8a5e7", "isDeleted:":"true", "version":"1683119305599"}}
{"logTime": "0526/102806", "correlationVector":"/RxIotSWbeVzPM4tkT9qJI.161","action":"GetUpdates", "result":"DeleteReceived", "context":{"id":"b06b30de-4eb3-4cb7-9c87-aad3fad5c6ca", "isDeleted:":"true", "version":"1683119305600"}}
{"logTime": "0526/102806", "correlationVector":"/RxIotSWbeVzPM4tkT9qJI.162","action":"GetUpdates", "result":"DeleteReceived", "context":{"id":"f1eec857-7dbd-4dde-8d88-570482bf4100", "isDeleted:":"true", "version":"1683119305602"}}
{"logTime": "0526/102806", "correlationVector":"/RxIotSWbeVzPM4tkT9qJI.163","action":"GetUpdates", "result":"DeleteReceived", "context":{"id":"731e1f89-8b0d-4bdb-87a3-5c8b78345096", "isDeleted:":"true", "version":"1683119305603"}}
{"logTime": "0526/102806", "correlationVector":"/RxIotSWbeVzPM4tkT9qJI.164","action":"GetUpdates", "result":"DeleteReceived", "context":{"id":"e0219e45-a7e0-41a5-953c-45dc29635b33", "isDeleted:":"true", "version":"1683125326766"}}
{"logTime": "0526/102806", "correlationVector":"/RxIotSWbeVzPM4tkT9qJI.165","action":"GetUpdates", "result":"DeleteReceived", "context":{"id":"ceea4802-0381-48c9-9e33-dee4fb7e2865", "isDeleted:":"true", "version":"1683128634659"}}
{"logTime": "0526/102806", "correlationVector":"/RxIotSWbeVzPM4tkT9qJI.166","action":"GetUpdates", "result":"DeleteReceived", "context":{"id":"bd59a12d-bfcd-4189-9ba3-17f274db5a90", "isDeleted:":"true", "version":"1683130149013"}}
{"logTime": "0526/102806", "correlationVector":"/RxIotSWbeVzPM4tkT9qJI.167","action":"GetUpdates", "result":"DeleteReceived", "context":{"id":"9179e527-9ad8-4428-8718-3906c1a5e7c5", "isDeleted:":"true", "version":"1683130426638"}}
{"logTime": "0526/102806", "correlationVector":"/RxIotSWbeVzPM4tkT9qJI.168","action":"GetUpdates", "result":"DeleteReceived", "context":{"id":"cf440667-dff9-458a-a2c5-8e961b1a0d79", "isDeleted:":"true", "version":"1683130584283"}}
{"logTime": "0526/102806", "correlationVector":"/RxIotSWbeVzPM4tkT9qJI.169","action":"GetUpdates", "result":"DeleteReceived", "context":{"id":"7f9f0d1f-a231-4458-8886-e35a51e49454", "isDeleted:":"true", "version":"1683133222916"}}
{"logTime": "0526/102806", "correlationVector":"/RxIotSWbeVzPM4tkT9qJI.170","action":"GetUpdates", "result":"DeleteReceived", "context":{"id":"c4caec71-cb12-492d-ae37-9427fd7cc82b", "isDeleted:":"true", "version":"1683133222918"}}
{"logTime": "0526/102806", "correlationVector":"/RxIotSWbeVzPM4tkT9qJI.171","action":"GetUpdates", "result":"DeleteReceived", "context":{"id":"51fa3908-f1b2-4184-ac1d-03c38ef9e316", "isDeleted:":"true", "version":"1683133222919"}}
{"logTime": "0526/102806", "correlationVector":"/RxIotSWbeVzPM4tkT9qJI.172","action":"GetUpdates", "result":"DeleteReceived", "context":{"id":"0831b3fe-5d6f-45a9-8b31-a21579976d4a", "isDeleted:":"true", "version":"1683179091936"}}
{"logTime": "0526/102806", "correlationVector":"/RxIotSWbeVzPM4tkT9qJI.173","action":"GetUpdates", "result":"DeleteReceived", "context":{"id":"ef48ef5f-f44f-49f3-85ec-40e6f3e26900", "isDeleted:":"true", "version":"1683179091938"}}
{"logTime": "0526/102806", "correlationVector":"/RxIotSWbeVzPM4tkT9qJI.174","action":"GetUpdates", "result":"DeleteReceived", "context":{"id":"e4e5284f-cac4-4c62-99d1-0fbae40bb5a6", "isDeleted:":"true", "version":"1683227859753"}}
{"logTime": "0526/102806", "correlationVector":"/RxIotSWbeVzPM4tkT9qJI.175","action":"GetUpdates", "result":"DeleteReceived", "context":{"id":"8eae8cbe-bf86-40eb-869c-2cd295332686", "isDeleted:":"true", "version":"1683227859755"}}
{"logTime": "0526/102806", "correlationVector":"/RxIotSWbeVzPM4tkT9qJI.176","action":"GetUpdates", "result":"DeleteReceived", "context":{"id":"27496390-089a-49c6-bdee-e5283d4e4b1b", "isDeleted:":"true", "version":"1683270208580"}}
{"logTime": "0526/102806", "correlationVector":"/RxIotSWbeVzPM4tkT9qJI.177","action":"GetUpdates", "result":"DeleteReceived", "context":{"id":"b59c9ec4-938d-4234-b5a0-40eacace2da5", "isDeleted:":"true", "version":"1683280480951"}}
{"logTime": "0526/102806", "correlationVector":"/RxIotSWbeVzPM4tkT9qJI.178","action":"GetUpdates", "result":"DeleteReceived", "context":{"id":"01df7385-f1e9-407c-8eb1-a76bc09c9c9d", "isDeleted:":"true", "version":"1683280782370"}}
{"logTime": "0526/102806", "correlationVector":"/RxIotSWbeVzPM4tkT9qJI.179","action":"GetUpdates", "result":"DeleteReceived", "context":{"id":"b8ff7c0b-3c8f-405c-934a-99337384a092", "isDeleted:":"true", "version":"1683283697303"}}
{"logTime": "0526/102806", "correlationVector":"/RxIotSWbeVzPM4tkT9qJI.180","action":"GetUpdates", "result":"DeleteReceived", "context":{"id":"843afdba-a777-4ca1-ab6a-56939c97862c", "isDeleted:":"true", "version":"1683283735876"}}
{"logTime": "0526/102806", "correlationVector":"/RxIotSWbeVzPM4tkT9qJI.181","action":"GetUpdates", "result":"DeleteReceived", "context":{"id":"f9ab9d3f-a9e4-4fba-b24c-ef71c42bf092", "isDeleted:":"true", "version":"1683286618262"}}
{"logTime": "0526/102806", "correlationVector":"/RxIotSWbeVzPM4tkT9qJI.182","action":"GetUpdates", "result":"DeleteReceived", "context":{"id":"05382e21-37b9-469f-9bf0-cf18bd16873e", "isDeleted:":"true", "version":"1683287007279"}}
{"logTime": "0526/102806", "correlationVector":"/RxIotSWbeVzPM4tkT9qJI.183","action":"GetUpdates", "result":"DeleteReceived", "context":{"id":"cfa8b05c-fa45-4dac-b76f-62854b5833ba", "isDeleted:":"true", "version":"1683290084967"}}
{"logTime": "0526/102806", "correlationVector":"/RxIotSWbeVzPM4tkT9qJI.184","action":"GetUpdates", "result":"DeleteReceived", "context":{"id":"a027cea5-24d2-4f90-8305-5cd9b992cf9c", "isDeleted:":"true", "version":"1683290084969"}}
{"logTime": "0526/102806", "correlationVector":"/RxIotSWbeVzPM4tkT9qJI.185","action":"GetUpdates", "result":"DeleteReceived", "context":{"id":"4bf14e6c-68ea-4820-88d5-798f11b8e704", "isDeleted:":"true", "version":"1683290084970"}}
{"logTime": "0526/102806", "correlationVector":"/RxIotSWbeVzPM4tkT9qJI.186","action":"GetUpdates", "result":"DeleteReceived", "context":{"id":"43122109-0485-4c69-865c-7b93060a4c0b", "isDeleted:":"true", "version":"1683299057216"}}
{"logTime": "0526/102806", "correlationVector":"/RxIotSWbeVzPM4tkT9qJI.187","action":"GetUpdates", "result":"DeleteReceived", "context":{"id":"c493b753-b28d-4801-bdf9-63d0aa54faba", "isDeleted:":"true", "version":"1683299057217"}}
{"logTime": "0526/102806", "correlationVector":"/RxIotSWbeVzPM4tkT9qJI.188","action":"GetUpdates", "result":"DeleteReceived", "context":{"id":"5b37a753-9d36-4978-8921-b47197980ead", "isDeleted:":"true", "version":"1683302342684"}}
{"logTime": "0526/102806", "correlationVector":"/RxIotSWbeVzPM4tkT9qJI.189","action":"GetUpdates", "result":"DeleteReceived", "context":{"id":"4aaff96f-5e16-409f-af4d-bb7d915fe94f", "isDeleted:":"true", "version":"1683310936666"}}
{"logTime": "0526/102806", "correlationVector":"/RxIotSWbeVzPM4tkT9qJI.190","action":"GetUpdates", "result":"DeleteReceived", "context":{"id":"92a641ec-93aa-4665-af01-56f3d1d10d80", "isDeleted:":"true", "version":"1683312351692"}}
{"logTime": "0526/102806", "correlationVector":"/RxIotSWbeVzPM4tkT9qJI.191","action":"GetUpdates", "result":"DeleteReceived", "context":{"id":"cd901e75-d43c-4214-8dbd-25263e04c4bd", "isDeleted:":"true", "version":"1683316245258"}}
{"logTime": "0526/102806", "correlationVector":"/RxIotSWbeVzPM4tkT9qJI.192","action":"GetUpdates", "result":"DeleteReceived", "context":{"id":"36b0764e-a4ec-40e7-b89b-71c90b3ed850", "isDeleted:":"true", "version":"1683316536703"}}
{"logTime": "0526/102806", "correlationVector":"/RxIotSWbeVzPM4tkT9qJI.193","action":"GetUpdates", "result":"DeleteReceived", "context":{"id":"226a0114-803d-423f-a303-74806fa65740", "isDeleted:":"true", "version":"1683316536704"}}
{"logTime": "0526/102806", "correlationVector":"/RxIotSWbeVzPM4tkT9qJI.194","action":"GetUpdates", "result":"DeleteReceived", "context":{"id":"422b65b0-9f8d-4b7f-ba44-1a504a4bef2c", "isDeleted:":"true", "version":"1683316603089"}}
{"logTime": "0526/102806", "correlationVector":"/RxIotSWbeVzPM4tkT9qJI.195","action":"GetUpdates", "result":"DeleteReceived", "context":{"id":"c401276b-1fd0-4f20-8a7e-7488d3b86a12", "isDeleted:":"true", "version":"1683316871832"}}
{"logTime": "0526/102806", "correlationVector":"/RxIotSWbeVzPM4tkT9qJI.196","action":"GetUpdates", "result":"DeleteReceived", "context":{"id":"1067265b-2536-44d0-b1c4-6fdb569d857f", "isDeleted:":"true", "version":"1683316871833"}}
{"logTime": "0526/102806", "correlationVector":"/RxIotSWbeVzPM4tkT9qJI.197","action":"GetUpdates", "result":"DeleteReceived", "context":{"id":"15b8cd8f-9e93-435a-827c-58ba2562a8bb", "isDeleted:":"true", "version":"1683316871835"}}
{"logTime": "0526/102806", "correlationVector":"/RxIotSWbeVzPM4tkT9qJI.198","action":"GetUpdates", "result":"DeleteReceived", "context":{"id":"99d74b06-b460-42ea-979d-eb7cdecb13de", "isDeleted:":"true", "version":"1683316871836"}}
{"logTime": "0526/102806", "correlationVector":"/RxIotSWbeVzPM4tkT9qJI.199","action":"GetUpdates", "result":"DeleteReceived", "context":{"id":"3e81366f-3afd-4e2a-bc41-0a546e6cd34e", "isDeleted:":"true", "version":"1683316871837"}}
{"logTime": "0526/102806", "correlationVector":"/RxIotSWbeVzPM4tkT9qJI.200","action":"GetUpdates", "result":"DeleteReceived", "context":{"id":"830cb0bd-612b-4d8c-bd2f-61b4d7c02bc3", "isDeleted:":"true", "version":"1683352099023"}}
{"logTime": "0526/102806", "correlationVector":"/RxIotSWbeVzPM4tkT9qJI.201","action":"GetUpdates", "result":"DeleteReceived", "context":{"id":"d0cb50ce-6a6d-433d-8b5e-2abfe53af994", "isDeleted:":"true", "version":"1683352099026"}}
{"logTime": "0526/102806", "correlationVector":"/RxIotSWbeVzPM4tkT9qJI.202","action":"GetUpdates", "result":"DeleteReceived", "context":{"id":"34e2110d-37d3-44f8-b182-ea21c773e63e", "isDeleted:":"true", "version":"1683378888161"}}
{"logTime": "0526/102806", "correlationVector":"/RxIotSWbeVzPM4tkT9qJI.203","action":"GetUpdates", "result":"DeleteReceived", "context":{"id":"971d7154-269e-4f57-9276-1b1c1562a106", "isDeleted:":"true", "version":"1683389006065"}}
{"logTime": "0526/102806", "correlationVector":"/RxIotSWbeVzPM4tkT9qJI.204","action":"GetUpdates", "result":"DeleteReceived", "context":{"id":"5bda14b4-cad1-4a42-bf64-96ceba52bf33", "isDeleted:":"true", "version":"1683389419329"}}
{"logTime": "0526/102806", "correlationVector":"/RxIotSWbeVzPM4tkT9qJI.205","action":"GetUpdates", "result":"DeleteReceived", "context":{"id":"6c6c197b-2b14-4893-8574-85fece14d7f0", "isDeleted:":"true", "version":"1683456479209"}}
{"logTime": "0526/102806", "correlationVector":"/RxIotSWbeVzPM4tkT9qJI.206","action":"GetUpdates", "result":"DeleteReceived", "context":{"id":"a5b5300f-b487-4c32-806e-ea49f3e50a90", "isDeleted:":"true", "version":"1683456524736"}}
{"logTime": "0526/102806", "correlationVector":"/RxIotSWbeVzPM4tkT9qJI.207","action":"GetUpdates", "result":"DeleteReceived", "context":{"id":"00a59a62-56ab-4f47-94c7-cec8225368da", "isDeleted:":"true", "version":"1683470870659"}}
{"logTime": "0526/102806", "correlationVector":"/RxIotSWbeVzPM4tkT9qJI.208","action":"GetUpdates", "result":"DeleteReceived", "context":{"id":"6e75390b-467c-4aef-b613-fc77e289c2b3", "isDeleted:":"true", "version":"1683476119932"}}
{"logTime": "0526/102806", "correlationVector":"/RxIotSWbeVzPM4tkT9qJI.209","action":"GetUpdates", "result":"DeleteReceived", "context":{"id":"a8c98294-fffc-4a91-b488-67ef6850414c", "isDeleted:":"true", "version":"1683536287864"}}
{"logTime": "0526/102806", "correlationVector":"/RxIotSWbeVzPM4tkT9qJI.210","action":"GetUpdates", "result":"DeleteReceived", "context":{"id":"5ddfd51f-3f3e-4a97-be96-a2443adeceeb", "isDeleted:":"true", "version":"1683622061987"}}
{"logTime": "0526/102806", "correlationVector":"/RxIotSWbeVzPM4tkT9qJI.211","action":"GetUpdates", "result":"DeleteReceived", "context":{"id":"46705be7-f619-4af3-ae1a-80427f4667bd", "isDeleted:":"true", "version":"1683639531067"}}
{"logTime": "0526/102806", "correlationVector":"/RxIotSWbeVzPM4tkT9qJI.212","action":"GetUpdates", "result":"DeleteReceived", "context":{"id":"719f22d1-ecbb-4d8d-8da0-ecb5b30904b8", "isDeleted:":"true", "version":"1683639861614"}}
{"logTime": "0526/102806", "correlationVector":"/RxIotSWbeVzPM4tkT9qJI.213","action":"GetUpdates", "result":"DeleteReceived", "context":{"id":"0a43cfea-0d04-4fa6-a6e3-5f8579b48960", "isDeleted:":"true", "version":"1683642982719"}}
{"logTime": "0526/102806", "correlationVector":"/RxIotSWbeVzPM4tkT9qJI.214","action":"GetUpdates", "result":"DeleteReceived", "context":{"id":"d68857a5-3733-46a4-ae07-055f8b34d319", "isDeleted:":"true", "version":"1683642982721"}}
{"logTime": "0526/102806", "correlationVector":"/RxIotSWbeVzPM4tkT9qJI.215","action":"GetUpdates", "result":"DeleteReceived", "context":{"id":"d74d4c21-7411-4f28-b4d8-c9b7fb35e136", "isDeleted:":"true", "version":"1683642985504"}}
{"logTime": "0526/102806", "correlationVector":"/RxIotSWbeVzPM4tkT9qJI.216","action":"GetUpdates", "result":"DeleteReceived", "context":{"id":"b82ab72e-3164-4e97-bba7-80df482f0966", "isDeleted:":"true", "version":"1683642985506"}}
{"logTime": "0526/102806", "correlationVector":"/RxIotSWbeVzPM4tkT9qJI.217","action":"GetUpdates", "result":"DeleteReceived", "context":{"id":"88092850-86df-4eec-b9b4-18b4c3094617", "isDeleted:":"true", "version":"1683642985507"}}
{"logTime": "0526/102806", "correlationVector":"/RxIotSWbeVzPM4tkT9qJI.218","action":"GetUpdates", "result":"DeleteReceived", "context":{"id":"2fa2f15d-1d82-470f-ad8f-dff67017b8b4", "isDeleted:":"true", "version":"1683648165453"}}
{"logTime": "0526/102806", "correlationVector":"/RxIotSWbeVzPM4tkT9qJI.219","action":"GetUpdates", "result":"DeleteReceived", "context":{"id":"5197c31f-3634-4207-aea9-4c984e9e4cae", "isDeleted:":"true", "version":"1683648165454"}}
{"logTime": "0526/102806", "correlationVector":"/RxIotSWbeVzPM4tkT9qJI.220","action":"GetUpdates", "result":"DeleteReceived", "context":{"id":"cbf3e1ab-280a-4a1f-bdbd-32764ea0437d", "isDeleted:":"true", "version":"1683648323552"}}
{"logTime": "0526/102806", "correlationVector":"/RxIotSWbeVzPM4tkT9qJI.221","action":"GetUpdates", "result":"DeleteReceived", "context":{"id":"9894f2d5-35ef-4c7a-8b5d-fd5a833cc69c", "isDeleted:":"true", "version":"1683658574232"}}
{"logTime": "0526/102806", "correlationVector":"/RxIotSWbeVzPM4tkT9qJI.222","action":"GetUpdates", "result":"DeleteReceived", "context":{"id":"1774763e-23f8-4477-a0ce-ba703aaee215", "isDeleted:":"true", "version":"1683658574234"}}
{"logTime": "0526/102806", "correlationVector":"/RxIotSWbeVzPM4tkT9qJI.223","action":"GetUpdates", "result":"DeleteReceived", "context":{"id":"560d5751-7d73-4c2b-8140-545608af101b", "isDeleted:":"true", "version":"1683658574235"}}
{"logTime": "0526/102806", "correlationVector":"/RxIotSWbeVzPM4tkT9qJI.224","action":"GetUpdates", "result":"DeleteReceived", "context":{"id":"97ffe473-ee33-4a4d-b91b-ac089fd714c1", "isDeleted:":"true", "version":"1683658574236"}}
{"logTime": "0526/102806", "correlationVector":"/RxIotSWbeVzPM4tkT9qJI.225","action":"GetUpdates", "result":"DeleteReceived", "context":{"id":"38a8660f-ddf1-4005-91ce-47c50a5a3c4b", "isDeleted:":"true", "version":"1683705747569"}}
{"logTime": "0526/102806", "correlationVector":"/RxIotSWbeVzPM4tkT9qJI.226","action":"GetUpdates", "result":"DeleteReceived", "context":{"id":"576a8fc4-fbe7-4da8-80a6-8511cbdb101b", "isDeleted:":"true", "version":"1683801906180"}}
{"logTime": "0526/102806", "correlationVector":"/RxIotSWbeVzPM4tkT9qJI.227","action":"GetUpdates", "result":"DeleteReceived", "context":{"id":"670d8305-6852-4008-9de4-3ffca7cec428", "isDeleted:":"true", "version":"1683802179369"}}
{"logTime": "0526/102806", "correlationVector":"/RxIotSWbeVzPM4tkT9qJI.228","action":"GetUpdates", "result":"DeleteReceived", "context":{"id":"5771dac1-9ac5-43de-b2ad-6c80dc38e582", "isDeleted:":"true", "version":"1683911586715"}}
{"logTime": "0526/102806", "correlationVector":"/RxIotSWbeVzPM4tkT9qJI.229","action":"GetUpdates", "result":"DeleteReceived", "context":{"id":"39fae197-110a-474a-b8eb-de2d5eaa8dfd", "isDeleted:":"true", "version":"1684033224930"}}
{"logTime": "0526/102806", "correlationVector":"/RxIotSWbeVzPM4tkT9qJI.230","action":"GetUpdates", "result":"DeleteReceived", "context":{"id":"617f3d0a-ccb5-41a5-bbee-633f590b9f2b", "isDeleted:":"true", "version":"1684058093924"}}
{"logTime": "0526/102806", "correlationVector":"/RxIotSWbeVzPM4tkT9qJI.231","action":"GetUpdates", "result":"DeleteReceived", "context":{"id":"74a781d3-6d81-4e3b-aa1e-c67c2bbf4703", "isDeleted:":"true", "version":"1684063762619"}}
{"logTime": "0526/102806", "correlationVector":"/RxIotSWbeVzPM4tkT9qJI.232","action":"GetUpdates", "result":"DeleteReceived", "context":{"id":"3fd6af91-16f4-43aa-b0f5-7f7054827e9c", "isDeleted:":"true", "version":"1684063762621"}}
{"logTime": "0526/102806", "correlationVector":"/RxIotSWbeVzPM4tkT9qJI.233","action":"GetUpdates", "result":"DeleteReceived", "context":{"id":"eb7d3afb-28af-41a9-9ef6-7903b2c4ea1b", "isDeleted:":"true", "version":"1684071106329"}}
{"logTime": "0526/102806", "correlationVector":"/RxIotSWbeVzPM4tkT9qJI.234","action":"GetUpdates", "result":"DeleteReceived", "context":{"id":"392780c2-1196-4c8c-9fc4-779e85e89d55", "isDeleted:":"true", "version":"1684141851235"}}
{"logTime": "0526/102806", "correlationVector":"/RxIotSWbeVzPM4tkT9qJI.235","action":"GetUpdates", "result":"DeleteReceived", "context":{"id":"04767cb6-06b2-476a-9d8a-9d29f20971b5", "isDeleted:":"true", "version":"1684152628836"}}
{"logTime": "0526/102806", "correlationVector":"/RxIotSWbeVzPM4tkT9qJI.236","action":"GetUpdates", "result":"DeleteReceived", "context":{"id":"6e126325-0576-4da6-b156-769c80bff97e", "isDeleted:":"true", "version":"1684153284478"}}
{"logTime": "0526/102806", "correlationVector":"/RxIotSWbeVzPM4tkT9qJI.237","action":"GetUpdates", "result":"DeleteReceived", "context":{"id":"19f121af-e40b-4bcf-92ea-ba418deb52e0", "isDeleted:":"true", "version":"1684155445588"}}
{"logTime": "0526/102806", "correlationVector":"/RxIotSWbeVzPM4tkT9qJI.238","action":"GetUpdates", "result":"DeleteReceived", "context":{"id":"05d7ea8f-ace7-440f-ab13-c11ca9642d33", "isDeleted:":"true", "version":"1684155520032"}}
{"logTime": "0526/102806", "correlationVector":"/RxIotSWbeVzPM4tkT9qJI.239","action":"GetUpdates", "result":"DeleteReceived", "context":{"id":"97f61940-3583-4712-9666-2667520fb994", "isDeleted:":"true", "version":"1684155520033"}}
{"logTime": "0526/102806", "correlationVector":"/RxIotSWbeVzPM4tkT9qJI.240","action":"GetUpdates", "result":"DeleteReceived", "context":{"id":"d3c00ce0-a62e-467c-96c9-a1bb662bac76", "isDeleted:":"true", "version":"1684155520036"}}
{"logTime": "0526/102806", "correlationVector":"/RxIotSWbeVzPM4tkT9qJI.241","action":"GetUpdates", "result":"DeleteReceived", "context":{"id":"0a3dc37d-0e4f-4ffc-b762-2e7861d9daf4", "isDeleted:":"true", "version":"1684170576421"}}
{"logTime": "0526/102806", "correlationVector":"/RxIotSWbeVzPM4tkT9qJI.242","action":"GetUpdates", "result":"DeleteReceived", "context":{"id":"96a7eb62-5fe4-49b7-9fdc-5825319f9ae8", "isDeleted:":"true", "version":"1684170576423"}}
{"logTime": "0526/102806", "correlationVector":"/RxIotSWbeVzPM4tkT9qJI.243","action":"GetUpdates", "result":"DeleteReceived", "context":{"id":"61fb1129-7332-4147-ad2d-9d37e6075d73", "isDeleted:":"true", "version":"1684170576424"}}
{"logTime": "0526/102806", "correlationVector":"/RxIotSWbeVzPM4tkT9qJI.244","action":"GetUpdates", "result":"DeleteReceived", "context":{"id":"200a4cc7-20c6-4959-a1d4-794c64bd5c1c", "isDeleted:":"true", "version":"1684213899050"}}
{"logTime": "0526/102806", "correlationVector":"/RxIotSWbeVzPM4tkT9qJI.245","action":"GetUpdates", "result":"DeleteReceived", "context":{"id":"40ccd7ed-ea73-47bf-b97c-3a869c6a6d9e", "isDeleted:":"true", "version":"1684213899052"}}
{"logTime": "0526/102806", "correlationVector":"/RxIotSWbeVzPM4tkT9qJI.246","action":"GetUpdates", "result":"DeleteReceived", "context":{"id":"2277cd2a-fd97-4524-abc0-e899d9b14c9f", "isDeleted:":"true", "version":"1684223140496"}}
{"logTime": "0526/102806", "correlationVector":"/RxIotSWbeVzPM4tkT9qJI.247","action":"GetUpdates", "result":"DeleteReceived", "context":{"id":"4b9f9522-a81c-4f1f-96d9-ee53924c0b5d", "isDeleted:":"true", "version":"1684223140499"}}
{"logTime": "0526/102806", "correlationVector":"/RxIotSWbeVzPM4tkT9qJI.248","action":"GetUpdates Response", "result":"SERVER_MORE_TO_DOWNLOAD", "context":Received 250 update(s).  Some updates remain.}
{"logTime": "0526/102806", "correlationVector":"hKnUe8yFs6oKjjqs8Mho1H","action":"Initial GetUpdates", "result":"", "context":Reason: RECONFIGURATION. cV=hKnUe8yFs6oKjjqs8Mho1H}
{"logTime": "0526/102806", "correlationVector":"hKnUe8yFs6oKjjqs8Mho1H.1","action":"SyncServerConnectionManagerRequest", "result":"SYNC_SERVER_OK", "context":{"environment":"Prod_SoutheastAsia_000j", "migrationStage":"NotStarted", "server":"GENERAL01000019"}}
{"logTime": "0526/102806", "correlationVector":"hKnUe8yFs6oKjjqs8Mho1H.2","action":"GetUpdates", "result":"DeleteReceived", "context":{"id":"068d6720-5798-4b9b-b974-8211cc6425f0", "isDeleted:":"true", "version":"1684332351280"}}
{"logTime": "0526/102806", "correlationVector":"hKnUe8yFs6oKjjqs8Mho1H.3","action":"GetUpdates", "result":"DeleteReceived", "context":{"id":"f929e510-0c86-467f-af81-45da5ea7f3c4", "isDeleted:":"true", "version":"1684365524000"}}
{"logTime": "0526/102806", "correlationVector":"hKnUe8yFs6oKjjqs8Mho1H.4","action":"GetUpdates", "result":"DeleteReceived", "context":{"id":"335abcc7-03bf-45f6-8315-9bb678f71412", "isDeleted:":"true", "version":"1684389580705"}}
{"logTime": "0526/102806", "correlationVector":"hKnUe8yFs6oKjjqs8Mho1H.5","action":"GetUpdates", "result":"DeleteReceived", "context":{"id":"218b5222-6bf2-4148-abbd-ff259922affa", "isDeleted:":"true", "version":"1684389580706"}}
{"logTime": "0526/102806", "correlationVector":"hKnUe8yFs6oKjjqs8Mho1H.6","action":"GetUpdates", "result":"DeleteReceived", "context":{"id":"d061cce9-ef1a-43b5-b095-3c10e55a6501", "isDeleted:":"true", "version":"1684410560631"}}
{"logTime": "0526/102806", "correlationVector":"hKnUe8yFs6oKjjqs8Mho1H.7","action":"GetUpdates", "result":"DeleteReceived", "context":{"id":"7b23231a-c996-4215-bce0-cbf7b072f11a", "isDeleted:":"true", "version":"1684410628769"}}
{"logTime": "0526/102806", "correlationVector":"hKnUe8yFs6oKjjqs8Mho1H.8","action":"GetUpdates", "result":"DeleteReceived", "context":{"id":"a4e1dc7f-9067-4867-bd56-9642b83ac86a", "isDeleted:":"true", "version":"1684410628770"}}
{"logTime": "0526/102806", "correlationVector":"hKnUe8yFs6oKjjqs8Mho1H.9","action":"GetUpdates", "result":"DeleteReceived", "context":{"id":"7440bdb0-4876-4c88-bdc0-604481736c81", "isDeleted:":"true", "version":"1684424994945"}}
{"logTime": "0526/102806", "correlationVector":"hKnUe8yFs6oKjjqs8Mho1H.10","action":"GetUpdates", "result":"DeleteReceived", "context":{"id":"88971e56-e0d7-4058-8bec-4c6c13a4b6de", "isDeleted:":"true", "version":"1684542209050"}}
{"logTime": "0526/102806", "correlationVector":"hKnUe8yFs6oKjjqs8Mho1H.11","action":"GetUpdates", "result":"DeleteReceived", "context":{"id":"fd0bad3d-ea14-4708-abdb-a7593306772d", "isDeleted:":"true", "version":"1684543843286"}}
{"logTime": "0526/102806", "correlationVector":"hKnUe8yFs6oKjjqs8Mho1H.12","action":"GetUpdates", "result":"DeleteReceived", "context":{"id":"9a3db53f-89d7-49e4-9878-7e1c9876b559", "isDeleted:":"true", "version":"1684679239567"}}
{"logTime": "0526/102806", "correlationVector":"hKnUe8yFs6oKjjqs8Mho1H.13","action":"GetUpdates", "result":"DeleteReceived", "context":{"id":"2106ede0-6008-4eb7-ae98-87c69310540c", "isDeleted:":"true", "version":"1684682311734"}}
{"logTime": "0526/102806", "correlationVector":"hKnUe8yFs6oKjjqs8Mho1H.14","action":"GetUpdates", "result":"DeleteReceived", "context":{"id":"1f54ce1b-4558-45a4-a67b-d1fb451b01fe", "isDeleted:":"true", "version":"1684683360245"}}
{"logTime": "0526/102806", "correlationVector":"hKnUe8yFs6oKjjqs8Mho1H.15","action":"GetUpdates", "result":"DeleteReceived", "context":{"id":"a9772b74-8174-4334-87e9-c5d0b08e570c", "isDeleted:":"true", "version":"1684687923283"}}
{"logTime": "0526/102806", "correlationVector":"hKnUe8yFs6oKjjqs8Mho1H.16","action":"GetUpdates", "result":"DeleteReceived", "context":{"id":"bb504427-c188-43d7-a4e3-37dd1fa92495", "isDeleted:":"true", "version":"1684687923285"}}
{"logTime": "0526/102806", "correlationVector":"hKnUe8yFs6oKjjqs8Mho1H.17","action":"GetUpdates", "result":"DeleteReceived", "context":{"id":"972f8522-a27f-424f-b6c5-46ca468cf922", "isDeleted:":"true", "version":"1684694635157"}}
{"logTime": "0526/102806", "correlationVector":"hKnUe8yFs6oKjjqs8Mho1H.18","action":"GetUpdates", "result":"DeleteReceived", "context":{"id":"72f39442-af69-4766-97ab-87a19171d86e", "isDeleted:":"true", "version":"1684694811139"}}
{"logTime": "0526/102806", "correlationVector":"hKnUe8yFs6oKjjqs8Mho1H.19","action":"GetUpdates", "result":"DeleteReceived", "context":{"id":"8d530f9b-0218-4206-957b-ba3a0ca1cb8f", "isDeleted:":"true", "version":"1684729411219"}}
{"logTime": "0526/102806", "correlationVector":"hKnUe8yFs6oKjjqs8Mho1H.20","action":"GetUpdates", "result":"DeleteReceived", "context":{"id":"f306c867-bf81-460d-a349-4acc475f587b", "isDeleted:":"true", "version":"1684730425536"}}
{"logTime": "0526/102806", "correlationVector":"hKnUe8yFs6oKjjqs8Mho1H.21","action":"GetUpdates", "result":"DeleteReceived", "context":{"id":"f50cb6fd-1cd5-4839-8f91-328899bf7449", "isDeleted:":"true", "version":"1684730425538"}}
{"logTime": "0526/102806", "correlationVector":"hKnUe8yFs6oKjjqs8Mho1H.22","action":"GetUpdates", "result":"DeleteReceived", "context":{"id":"b787daa0-3d71-4c6e-88d3-afc56e7cf201", "isDeleted:":"true", "version":"1684766286168"}}
{"logTime": "0526/102806", "correlationVector":"hKnUe8yFs6oKjjqs8Mho1H.23","action":"GetUpdates", "result":"DeleteReceived", "context":{"id":"86f45021-7378-4601-a4e9-019e7eba8493", "isDeleted:":"true", "version":"1684766286170"}}
{"logTime": "0526/102806", "correlationVector":"hKnUe8yFs6oKjjqs8Mho1H.24","action":"GetUpdates", "result":"DeleteReceived", "context":{"id":"95876c60-d5c5-4a7e-9656-fa03af38ea90", "isDeleted:":"true", "version":"1684809486117"}}
{"logTime": "0526/102806", "correlationVector":"hKnUe8yFs6oKjjqs8Mho1H.25","action":"GetUpdates", "result":"DeleteReceived", "context":{"id":"796e317a-3823-4639-a905-3b30d515313a", "isDeleted:":"true", "version":"1684809586553"}}
{"logTime": "0526/102806", "correlationVector":"hKnUe8yFs6oKjjqs8Mho1H.26","action":"GetUpdates", "result":"DeleteReceived", "context":{"id":"4d9e4c3f-cc9b-434e-b07a-5ae41faa472a", "isDeleted:":"true", "version":"1684809892668"}}
{"logTime": "0526/102806", "correlationVector":"hKnUe8yFs6oKjjqs8Mho1H.27","action":"GetUpdates", "result":"DeleteReceived", "context":{"id":"44c6a842-b478-47e7-9843-62bf427fa00e", "isDeleted:":"true", "version":"1684817436222"}}
{"logTime": "0526/102806", "correlationVector":"hKnUe8yFs6oKjjqs8Mho1H.28","action":"GetUpdates", "result":"DeleteReceived", "context":{"id":"c77823fe-4a13-400a-94e6-695a2d1fec42", "isDeleted:":"true", "version":"1684841133309"}}
{"logTime": "0526/102806", "correlationVector":"hKnUe8yFs6oKjjqs8Mho1H.29","action":"GetUpdates", "result":"DeleteReceived", "context":{"id":"3ffd35cc-a443-4ed2-9143-3d4bef5b7604", "isDeleted:":"true", "version":"1684856300923"}}
{"logTime": "0526/102806", "correlationVector":"hKnUe8yFs6oKjjqs8Mho1H.30","action":"GetUpdates", "result":"DeleteReceived", "context":{"id":"103638c5-605a-4a23-9357-96a2edc0c9b5", "isDeleted:":"true", "version":"1684856398270"}}
{"logTime": "0526/102806", "correlationVector":"hKnUe8yFs6oKjjqs8Mho1H.31","action":"GetUpdates", "result":"DeleteReceived", "context":{"id":"89dd311e-a4b2-49e1-b050-c08b29c24116", "isDeleted:":"true", "version":"1684904745393"}}
{"logTime": "0526/102806", "correlationVector":"hKnUe8yFs6oKjjqs8Mho1H.32","action":"GetUpdates", "result":"DeleteReceived", "context":{"id":"89ce3801-458a-4416-8633-3a4585d5a4b1", "isDeleted:":"true", "version":"1684904745395"}}
{"logTime": "0526/102806", "correlationVector":"hKnUe8yFs6oKjjqs8Mho1H.33","action":"GetUpdates", "result":"DeleteReceived", "context":{"id":"e3989438-3a7c-47dc-8ece-c19c8c37db16", "isDeleted:":"true", "version":"1684904745396"}}
{"logTime": "0526/102806", "correlationVector":"hKnUe8yFs6oKjjqs8Mho1H.34","action":"GetUpdates", "result":"DeleteReceived", "context":{"id":"110b7c30-b9cb-4e27-bc50-fd7b4cb7b3e4", "isDeleted:":"true", "version":"1684956056657"}}
{"logTime": "0526/102806", "correlationVector":"hKnUe8yFs6oKjjqs8Mho1H.35","action":"GetUpdates", "result":"DeleteReceived", "context":{"id":"d12f8dfb-8e24-4f4c-ac88-71be610c0a21", "isDeleted:":"true", "version":"1684956120977"}}
{"logTime": "0526/102806", "correlationVector":"hKnUe8yFs6oKjjqs8Mho1H.36","action":"GetUpdates", "result":"DeleteReceived", "context":{"id":"9eeb027d-af51-4e45-8d5d-daa16ee27b6c", "isDeleted:":"true", "version":"1684956331421"}}
{"logTime": "0526/102806", "correlationVector":"hKnUe8yFs6oKjjqs8Mho1H.37","action":"GetUpdates", "result":"DeleteReceived", "context":{"id":"6f4f02f9-02a1-4883-8d65-78aa4b8eb658", "isDeleted:":"true", "version":"1684961373218"}}
{"logTime": "0526/102806", "correlationVector":"hKnUe8yFs6oKjjqs8Mho1H.38","action":"GetUpdates", "result":"DeleteReceived", "context":{"id":"23eaaf5c-4fa2-4e15-825a-23c1e7504f4e", "isDeleted:":"true", "version":"1684961373221"}}
{"logTime": "0526/102806", "correlationVector":"hKnUe8yFs6oKjjqs8Mho1H.39","action":"GetUpdates", "result":"DeleteReceived", "context":{"id":"c594ce63-dd32-4cc6-aa84-bdc718511681", "isDeleted:":"true", "version":"1685004452663"}}
{"logTime": "0526/102806", "correlationVector":"hKnUe8yFs6oKjjqs8Mho1H.40","action":"GetUpdates", "result":"DeleteReceived", "context":{"id":"4eb26008-3700-466e-9492-c03fd0ee7eb3", "isDeleted:":"true", "version":"1685068396968"}}
{"logTime": "0526/102806", "correlationVector":"hKnUe8yFs6oKjjqs8Mho1H.41","action":"GetUpdates", "result":"DeleteReceived", "context":{"id":"ab751a12-3b05-4188-93a2-8873b566949a", "isDeleted:":"true", "version":"1685068549908"}}
{"logTime": "0526/102806", "correlationVector":"hKnUe8yFs6oKjjqs8Mho1H.42","action":"GetUpdates", "result":"DeleteReceived", "context":{"id":"7f3af5f7-b29a-4473-acfc-ea1cb78851f9", "isDeleted:":"true", "version":"1685068549909"}}
{"logTime": "0526/102806", "correlationVector":"hKnUe8yFs6oKjjqs8Mho1H.43","action":"GetUpdates", "result":"DeleteReceived", "context":{"id":"4c8e85fd-ec5a-4044-a1ee-a6e9e731878d", "isDeleted:":"true", "version":"1685068608950"}}
{"logTime": "0526/102806", "correlationVector":"hKnUe8yFs6oKjjqs8Mho1H.44","action":"GetUpdates", "result":"DeleteReceived", "context":{"id":"4be7a8e4-8e01-4581-bdb8-124fb7396ff3", "isDeleted:":"true", "version":"1685068633681"}}
{"logTime": "0526/102806", "correlationVector":"hKnUe8yFs6oKjjqs8Mho1H.45","action":"GetUpdates", "result":"DeleteReceived", "context":{"id":"71e1a5bb-9be9-4fa6-b064-5c52fc8993af", "isDeleted:":"true", "version":"1685068871592"}}
{"logTime": "0526/102806", "correlationVector":"hKnUe8yFs6oKjjqs8Mho1H.46","action":"GetUpdates", "result":"DeleteReceived", "context":{"id":"5e8bf746-9e76-4bc6-8453-5030aa54bb89", "isDeleted:":"true", "version":"1685073332309"}}
{"logTime": "0526/102806", "correlationVector":"hKnUe8yFs6oKjjqs8Mho1H.47","action":"GetUpdates", "result":"DeleteReceived", "context":{"id":"23f54873-83cb-4e10-b925-b6016de48b82", "isDeleted:":"true", "version":"1685074347757"}}
{"logTime": "0526/102806", "correlationVector":"hKnUe8yFs6oKjjqs8Mho1H.48","action":"GetUpdates", "result":"DeleteReceived", "context":{"id":"4828e09e-775f-4602-88dc-6e7602a2b1bc", "isDeleted:":"true", "version":"1685074414921"}}
{"logTime": "0526/102806", "correlationVector":"hKnUe8yFs6oKjjqs8Mho1H.49","action":"GetUpdates", "result":"DeleteReceived", "context":{"id":"1e7efc78-0a20-4c29-9dd3-4fb3b3404268", "isDeleted:":"true", "version":"1685074726461"}}
{"logTime": "0526/102806", "correlationVector":"hKnUe8yFs6oKjjqs8Mho1H.50","action":"GetUpdates", "result":"DeleteReceived", "context":{"id":"afe47ab0-b165-4a1e-9e33-6f949bb3d479", "isDeleted:":"true", "version":"1685075768723"}}
{"logTime": "0526/102806", "correlationVector":"hKnUe8yFs6oKjjqs8Mho1H.51","action":"GetUpdates", "result":"DeleteReceived", "context":{"id":"6eae8b25-f826-4585-a78a-0415dabf9736", "isDeleted:":"true", "version":"1685075768724"}}
{"logTime": "0526/102806", "correlationVector":"hKnUe8yFs6oKjjqs8Mho1H.52","action":"GetUpdates", "result":"DeleteReceived", "context":{"id":"12abce0b-542b-42c1-80f1-a6171764f9b4", "isDeleted:":"true", "version":"1685077910242"}}
{"logTime": "0526/102806", "correlationVector":"hKnUe8yFs6oKjjqs8Mho1H.53","action":"GetUpdates", "result":"DeleteReceived", "context":{"id":"1552c095-0c0e-4642-9ae0-49b473036379", "isDeleted:":"true", "version":"1685078594333"}}
{"logTime": "0526/102806", "correlationVector":"hKnUe8yFs6oKjjqs8Mho1H.54","action":"GetUpdates", "result":"DeleteReceived", "context":{"id":"a42a00eb-8899-49b4-9ba4-10e78aab80fa", "isDeleted:":"true", "version":"1685081327593"}}
{"logTime": "0526/102806", "correlationVector":"hKnUe8yFs6oKjjqs8Mho1H.55","action":"GetUpdates", "result":"DeleteReceived", "context":{"id":"c172b5ee-73f7-4fba-88c3-54696631e7eb", "isDeleted:":"true", "version":"1685082630379"}}
{"logTime": "0526/102806", "correlationVector":"hKnUe8yFs6oKjjqs8Mho1H.56","action":"GetUpdates", "result":"DeleteReceived", "context":{"id":"4725e3f8-d0bf-43ee-9d4d-7f9aef13d6f1", "isDeleted:":"true", "version":"1685091404006"}}
{"logTime": "0526/102806", "correlationVector":"hKnUe8yFs6oKjjqs8Mho1H.57","action":"GetUpdates", "result":"DeleteReceived", "context":{"id":"5b6b144c-33de-4b75-b5c2-6c46a2025195", "isDeleted:":"true", "version":"1685091404007"}}
{"logTime": "0526/102806", "correlationVector":"hKnUe8yFs6oKjjqs8Mho1H.58","action":"GetUpdates", "result":"DeleteReceived", "context":{"id":"182c8894-cf64-484b-94ff-569b34c606f3", "isDeleted:":"true", "version":"1685091435873"}}
{"logTime": "0526/102806", "correlationVector":"hKnUe8yFs6oKjjqs8Mho1H.59","action":"GetUpdates", "result":"DeleteReceived", "context":{"id":"7a0de4db-3b18-40ed-a897-c79c2089f0c9", "isDeleted:":"true", "version":"1685093684114"}}
{"logTime": "0526/102806", "correlationVector":"hKnUe8yFs6oKjjqs8Mho1H.60","action":"GetUpdates", "result":"DeleteReceived", "context":{"id":"fc4a8040-9dda-49bc-a222-614a958c0eed", "isDeleted:":"true", "version":"1685093782327"}}
{"logTime": "0526/102806", "correlationVector":"hKnUe8yFs6oKjjqs8Mho1H.61","action":"GetUpdates", "result":"DeleteReceived", "context":{"id":"e42b6a41-84e7-4812-893b-fc7c54271ffa", "isDeleted:":"true", "version":"1685093782329"}}
{"logTime": "0526/102806", "correlationVector":"hKnUe8yFs6oKjjqs8Mho1H.62","action":"GetUpdates", "result":"DeleteReceived", "context":{"id":"b9ab7df0-5e79-42f1-9d38-eedea072c358", "isDeleted:":"true", "version":"1685094667996"}}
{"logTime": "0526/102806", "correlationVector":"hKnUe8yFs6oKjjqs8Mho1H.63","action":"GetUpdates", "result":"DeleteReceived", "context":{"id":"c971452c-3a74-4fca-951f-e4bda1f0d0da", "isDeleted:":"true", "version":"1685094959386"}}
{"logTime": "0526/102806", "correlationVector":"hKnUe8yFs6oKjjqs8Mho1H.64","action":"GetUpdates", "result":"DeleteReceived", "context":{"id":"77c82302-ea84-43aa-a606-c47be0f98d92", "isDeleted:":"true", "version":"1685095974408"}}
{"logTime": "0526/102806", "correlationVector":"hKnUe8yFs6oKjjqs8Mho1H.65","action":"GetUpdates Response", "result":"SYNCER_OK", "context":Received 86 update(s). cV=hKnUe8yFs6oKjjqs8Mho1H.0;server=GENERAL01000019;cloudType=Consumer;environment=Prod_SoutheastAsia_000j;migrationStage=NotStarted}
{"logTime": "0526/102806", "correlationVector":"CUmoF5N5eorPya99XP17vJ","action":"Normal GetUpdate request", "result":"", "context":cV=CUmoF5N5eorPya99XP17vJ
Nudged types: Passwords, Typed URLs, Sessions, Device Info
Notified types: Autofill
Refresh requested types: Bookmarks, Preferences, Passwords, Autofill Profiles, Autofill, Autofill Custom Data, Typed URLs, Extensions, Sessions, Extension settings, History Delete Directives, Device Info, User Consents, Send Tab To Self, Web Apps, Collection, Edge E Drop, Encryption Keys}
{"logTime": "0526/102807", "correlationVector":"CUmoF5N5eorPya99XP17vJ.1","action":"SyncServerConnectionManagerRequest", "result":"SYNC_SERVER_OK", "context":{"environment":"Prod_SoutheastAsia_000j", "migrationStage":"NotStarted", "server":"general0100001F"}}
{"logTime": "0526/102807", "correlationVector":"CUmoF5N5eorPya99XP17vJ.2","action":"GetUpdates Response", "result":"SYNCER_OK", "context":Received 1 update(s). cV=CUmoF5N5eorPya99XP17vJ.0;server=general0100001F;cloudType=Consumer;environment=Prod_SoutheastAsia_000j;migrationStage=NotStarted}
{"logTime": "0526/102807", "correlationVector":"UtToWUwkGD1g+Pkd9NsFvq","action":"Commit Request", "result":"", "context":Item count: 1
Contributing types: Device Info}
{"logTime": "0526/102807", "correlationVector":"UtToWUwkGD1g+Pkd9NsFvq.1","action":"SyncServerConnectionManagerRequest", "result":"SYNC_SERVER_OK", "context":{"environment":"Prod_SoutheastAsia_000j", "migrationStage":"NotStarted", "server":"general0100001F"}}
{"logTime": "0526/102807", "correlationVector":"UtToWUwkGD1g+Pkd9NsFvq.2","action":"Commit Response", "result":"SYNCER_OK", "context":Result: SYNCER_OK. cV=UtToWUwkGD1g+Pkd9NsFvq.0;server=general0100001F;cloudType=Consumer;environment=Prod_SoutheastAsia_000j;migrationStage=NotStarted}
{"logTime": "0526/102807", "correlationVector":"uGzDEXJZOAA1TmzVd/6Cye","action":"Commit Request", "result":"", "context":Item count: 20
Contributing types: Passwords}
{"logTime": "0526/102809", "correlationVector":"uGzDEXJZOAA1TmzVd/6Cye.1","action":"SyncServerConnectionManagerRequest", "result":"SYNC_SERVER_OK", "context":{"environment":"Prod_SoutheastAsia_000j", "migrationStage":"NotStarted", "server":"GENERAL0100000Q"}}
{"logTime": "0526/102809", "correlationVector":"uGzDEXJZOAA1TmzVd/6Cye.2","action":"Commit Response", "result":"SYNCER_OK", "context":Result: SYNCER_OK. cV=uGzDEXJZOAA1TmzVd/6Cye.0;server=GENERAL0100000Q;cloudType=Consumer;environment=Prod_SoutheastAsia_000j;migrationStage=NotStarted}
{"logTime": "0526/102809", "correlationVector":"qemtlXjA53+SUw58fBcCNN","action":"Commit Request", "result":"", "context":Item count: 20
Contributing types: Passwords}
{"logTime": "0526/102811", "correlationVector":"qemtlXjA53+SUw58fBcCNN.1","action":"SyncServerConnectionManagerRequest", "result":"SYNC_SERVER_OK", "context":{"environment":"Prod_SoutheastAsia_000j", "migrationStage":"NotStarted", "server":"GENERAL0100000S"}}
{"logTime": "0526/102811", "correlationVector":"qemtlXjA53+SUw58fBcCNN.2","action":"Commit Response", "result":"SYNCER_OK", "context":Result: SYNCER_OK. cV=qemtlXjA53+SUw58fBcCNN.0;server=GENERAL0100000S;cloudType=Consumer;environment=Prod_SoutheastAsia_000j;migrationStage=NotStarted}
{"logTime": "0526/102811", "correlationVector":"sPdTZT6syc/wamPPxmH4l8","action":"Commit Request", "result":"", "context":Item count: 13
Contributing types: Passwords, Typed URLs, Sessions}
{"logTime": "0526/102812", "correlationVector":"sPdTZT6syc/wamPPxmH4l8.1","action":"SyncServerConnectionManagerRequest", "result":"SYNC_SERVER_OK", "context":{"environment":"Prod_SoutheastAsia_000j", "migrationStage":"NotStarted", "server":"GENERAL0100000X"}}
{"logTime": "0526/102812", "correlationVector":"sPdTZT6syc/wamPPxmH4l8.2","action":"Commit Response", "result":"SYNCER_OK", "context":Result: SYNCER_OK. cV=sPdTZT6syc/wamPPxmH4l8.0;server=GENERAL0100000X;cloudType=Consumer;environment=Prod_SoutheastAsia_000j;migrationStage=NotStarted}
{"logTime": "0526/102949", "correlationVector":"p0APt0rnqPmL+u+rmtPgO0","action":"Normal GetUpdate request", "result":"", "context":cV=p0APt0rnqPmL+u+rmtPgO0
Notified types: Extension settings}
{"logTime": "0526/102950", "correlationVector":"p0APt0rnqPmL+u+rmtPgO0.1","action":"SyncServerConnectionManagerRequest", "result":"SYNC_SERVER_OK", "context":{"environment":"Prod_SoutheastAsia_000j", "migrationStage":"NotStarted", "server":"GENERAL0100000J"}}
{"logTime": "0526/102950", "correlationVector":"p0APt0rnqPmL+u+rmtPgO0.2","action":"GetUpdates Response", "result":"SYNCER_OK", "context":Received 57 update(s). cV=p0APt0rnqPmL+u+rmtPgO0.0;server=GENERAL0100000J;cloudType=Consumer;environment=Prod_SoutheastAsia_000j;migrationStage=NotStarted}
{"logTime": "0526/103434", "correlationVector":"oKJjDX/nTa5yQBpw1NDS1G","action":"Normal GetUpdate request", "result":"", "context":cV=oKJjDX/nTa5yQBpw1NDS1G
Notified types: Extension settings}
{"logTime": "0526/103435", "correlationVector":"oKJjDX/nTa5yQBpw1NDS1G.1","action":"SyncServerConnectionManagerRequest", "result":"SYNC_SERVER_OK", "context":{"environment":"Prod_SoutheastAsia_000j", "migrationStage":"NotStarted", "server":"GENERAL01000017"}}
{"logTime": "0526/103435", "correlationVector":"oKJjDX/nTa5yQBpw1NDS1G.2","action":"GetUpdates", "result":"DeleteReceived", "context":{"id":"68b46253-9b8c-4c76-8d87-c8bc37cf5bd9", "isDeleted:":"true", "version":"1685097310981"}}
{"logTime": "0526/103435", "correlationVector":"oKJjDX/nTa5yQBpw1NDS1G.3","action":"GetUpdates Response", "result":"SYNCER_OK", "context":Received 4 update(s). cV=oKJjDX/nTa5yQBpw1NDS1G.0;server=GENERAL01000017;cloudType=Consumer;environment=Prod_SoutheastAsia_000j;migrationStage=NotStarted}
{"logTime": "0526/103627", "correlationVector":"anqvS9P+KIzaREPyYJqRt+","action":"Commit Request", "result":"", "context":Item count: 1
Contributing types: Sessions}
{"logTime": "0526/103627", "correlationVector":"anqvS9P+KIzaREPyYJqRt+.1","action":"SyncServerConnectionManagerRequest", "result":"SYNC_AUTH_ERROR", "context":{"environment":"Prod_SoutheastAsia_000j", "migrationStage":"NotStarted", "server":"GENERAL0100000H"}}
{"logTime": "0526/103627", "correlationVector":"anqvS9P+KIzaREPyYJqRt+.2","action":"Commit Response", "result":"SYNC_AUTH_ERROR (HTTP 401)", "context":Result: SYNC_AUTH_ERROR (HTTP 401). cV=anqvS9P+KIzaREPyYJqRt+.0;server=GENERAL0100000H;cloudType=Undetermined;environment=Prod_SoutheastAsia_000j;migrationStage=NotStarted}
{"logTime": "0526/103825", "correlationVector":"8q5Q27pTWPPke4Yh+FmHfB","action":"Commit Request", "result":"", "context":Item count: 1
Contributing types: Sessions}
{"logTime": "0526/103825", "correlationVector":"8q5Q27pTWPPke4Yh+FmHfB.1","action":"SyncServerConnectionManagerRequest", "result":"SYNC_SERVER_OK", "context":{"environment":"Prod_SoutheastAsia_000j", "migrationStage":"NotStarted", "server":"GENERAL0100001I"}}
{"logTime": "0526/103825", "correlationVector":"8q5Q27pTWPPke4Yh+FmHfB.2","action":"Commit Response", "result":"SYNCER_OK", "context":Result: SYNCER_OK. cV=8q5Q27pTWPPke4Yh+FmHfB.0;server=GENERAL0100001I;cloudType=Consumer;environment=Prod_SoutheastAsia_000j;migrationStage=NotStarted}
{"logTime": "0526/104244", "correlationVector":"EEzgyo6BM7zfEjrkIp3nLy","action":"Poll GetUpdate request", "result":"", "context":cV=EEzgyo6BM7zfEjrkIp3nLy}
{"logTime": "0526/104252", "correlationVector":"EEzgyo6BM7zfEjrkIp3nLy.1","action":"SyncServerConnectionManagerRequest", "result":"SYNC_SERVER_OK", "context":{"environment":"Prod_SoutheastAsia_000j", "migrationStage":"NotStarted", "server":"GENERAL0100000U"}}
{"logTime": "0526/104252", "correlationVector":"EEzgyo6BM7zfEjrkIp3nLy.2","action":"GetUpdates Response", "result":"SYNCER_OK", "context":Received 2 update(s). cV=EEzgyo6BM7zfEjrkIp3nLy.0;server=GENERAL0100000U;cloudType=Consumer;environment=Prod_SoutheastAsia_000j;migrationStage=NotStarted}
{"logTime": "0526/105027", "correlationVector":"FX+uhm0WBYE4pUkYMesR6q","action":"Commit Request", "result":"", "context":Item count: 1
Contributing types: Sessions}
{"logTime": "0526/105027", "correlationVector":"FX+uhm0WBYE4pUkYMesR6q.1","action":"SyncServerConnectionManagerRequest", "result":"SYNC_SERVER_OK", "context":{"environment":"Prod_SoutheastAsia_000j", "migrationStage":"NotStarted", "server":"GENERAL0100000Q"}}
{"logTime": "0526/105027", "correlationVector":"FX+uhm0WBYE4pUkYMesR6q.2","action":"Commit Response", "result":"SYNCER_OK", "context":Result: SYNCER_OK. cV=FX+uhm0WBYE4pUkYMesR6q.0;server=GENERAL0100000Q;cloudType=Consumer;environment=Prod_SoutheastAsia_000j;migrationStage=NotStarted}
{"logTime": "0526/105138", "correlationVector":"9KxZrKH/dmOojb4mN7qDOl","action":"Normal GetUpdate request", "result":"", "context":cV=9KxZrKH/dmOojb4mN7qDOl
Notified types: Extension settings}
{"logTime": "0526/105138", "correlationVector":"9KxZrKH/dmOojb4mN7qDOl.1","action":"SyncServerConnectionManagerRequest", "result":"SYNC_SERVER_OK", "context":{"environment":"Prod_SoutheastAsia_000j", "migrationStage":"NotStarted", "server":"GENERAL01000008"}}
{"logTime": "0526/105138", "correlationVector":"9KxZrKH/dmOojb4mN7qDOl.2","action":"GetUpdates Response", "result":"SYNCER_OK", "context":Received 3 update(s). cV=9KxZrKH/dmOojb4mN7qDOl.0;server=GENERAL01000008;cloudType=Consumer;environment=Prod_SoutheastAsia_000j;migrationStage=NotStarted}
{"logTime": "0526/105402", "correlationVector":"s6iTfL+72rQ+NoujNk+yCx","action":"Commit Request", "result":"", "context":Item count: 1
Contributing types: Sessions}
{"logTime": "0526/105403", "correlationVector":"s6iTfL+72rQ+NoujNk+yCx.1","action":"SyncServerConnectionManagerRequest", "result":"SYNC_SERVER_OK", "context":{"environment":"Prod_EastAsia_000d", "migrationStage":"NotStarted", "server":"general0100000M"}}
{"logTime": "0526/105403", "correlationVector":"s6iTfL+72rQ+NoujNk+yCx.2","action":"Commit Response", "result":"SYNCER_OK", "context":Result: SYNCER_OK. cV=s6iTfL+72rQ+NoujNk+yCx.0;server=general0100000M;cloudType=Consumer;environment=Prod_EastAsia_000d;migrationStage=NotStarted}
{"logTime": "0526/105557", "correlationVector":"r8ioZ5Gf3HRkbzpDaQwsA6","action":"Commit Request", "result":"", "context":Item count: 1
Contributing types: Sessions}
{"logTime": "0526/105557", "correlationVector":"r8ioZ5Gf3HRkbzpDaQwsA6.1","action":"SyncServerConnectionManagerRequest", "result":"SYNC_SERVER_OK", "context":{"environment":"Prod_SoutheastAsia_000j", "migrationStage":"NotStarted", "server":"general0100001F"}}
{"logTime": "0526/105557", "correlationVector":"r8ioZ5Gf3HRkbzpDaQwsA6.2","action":"Commit Response", "result":"SYNCER_OK", "context":Result: SYNCER_OK. cV=r8ioZ5Gf3HRkbzpDaQwsA6.0;server=general0100001F;cloudType=Consumer;environment=Prod_SoutheastAsia_000j;migrationStage=NotStarted}
{"logTime": "0526/105918", "correlationVector":"Ny0zFOp9KCrtgYBRw8asrI","action":"Commit Request", "result":"", "context":Item count: 1
Contributing types: Sessions}
{"logTime": "0526/105919", "correlationVector":"Ny0zFOp9KCrtgYBRw8asrI.1","action":"SyncServerConnectionManagerRequest", "result":"SYNC_SERVER_OK", "context":{"environment":"Prod_SoutheastAsia_000j", "migrationStage":"NotStarted", "server":"GENERAL01000019"}}
{"logTime": "0526/105919", "correlationVector":"Ny0zFOp9KCrtgYBRw8asrI.2","action":"Commit Response", "result":"SYNCER_OK", "context":Result: SYNCER_OK. cV=Ny0zFOp9KCrtgYBRw8asrI.0;server=GENERAL01000019;cloudType=Consumer;environment=Prod_SoutheastAsia_000j;migrationStage=NotStarted}
{"logTime": "0526/110318", "correlationVector":"AniFD4wSMlSgd8AZAK1de1","action":"Commit Request", "result":"", "context":Item count: 1
Contributing types: Sessions}
{"logTime": "0526/110319", "correlationVector":"AniFD4wSMlSgd8AZAK1de1.1","action":"SyncServerConnectionManagerRequest", "result":"SYNC_SERVER_OK", "context":{"environment":"Prod_SoutheastAsia_000j", "migrationStage":"NotStarted", "server":"GENERAL0100000A"}}
{"logTime": "0526/110319", "correlationVector":"AniFD4wSMlSgd8AZAK1de1.2","action":"Commit Response", "result":"SYNCER_OK", "context":Result: SYNCER_OK. cV=AniFD4wSMlSgd8AZAK1de1.0;server=GENERAL0100000A;cloudType=Consumer;environment=Prod_SoutheastAsia_000j;migrationStage=NotStarted}
{"logTime": "0526/110626", "correlationVector":"vh558ckyZxdP68x4cKZTTu","action":"Commit Request", "result":"", "context":Item count: 1
Contributing types: Sessions}
{"logTime": "0526/110626", "correlationVector":"vh558ckyZxdP68x4cKZTTu.1","action":"SyncServerConnectionManagerRequest", "result":"SYNC_SERVER_OK", "context":{"environment":"Prod_SoutheastAsia_000j", "migrationStage":"NotStarted", "server":"GENERAL01000016"}}
{"logTime": "0526/110626", "correlationVector":"vh558ckyZxdP68x4cKZTTu.2","action":"Commit Response", "result":"SYNCER_OK", "context":Result: SYNCER_OK. cV=vh558ckyZxdP68x4cKZTTu.0;server=GENERAL01000016;cloudType=Consumer;environment=Prod_SoutheastAsia_000j;migrationStage=NotStarted}
{"logTime": "0526/110806", "correlationVector":"t4xe/ds0+NtcJIj9/A/9O4","action":"Commit Request", "result":"", "context":Item count: 1
Contributing types: Sessions}
{"logTime": "0526/110806", "correlationVector":"t4xe/ds0+NtcJIj9/A/9O4.1","action":"SyncServerConnectionManagerRequest", "result":"SYNC_SERVER_OK", "context":{"environment":"Prod_SoutheastAsia_000j", "migrationStage":"NotStarted", "server":"GENERAL0100001L"}}
{"logTime": "0526/110806", "correlationVector":"t4xe/ds0+NtcJIj9/A/9O4.2","action":"Commit Response", "result":"SYNCER_OK", "context":Result: SYNCER_OK. cV=t4xe/ds0+NtcJIj9/A/9O4.0;server=GENERAL0100001L;cloudType=Consumer;environment=Prod_SoutheastAsia_000j;migrationStage=NotStarted}
{"logTime": "0526/111124", "correlationVector":"Gg5lqqkOPssTKfrcxLDRXf","action":"Commit Request", "result":"", "context":Item count: 1
Contributing types: Sessions}
{"logTime": "0526/111124", "correlationVector":"Gg5lqqkOPssTKfrcxLDRXf.1","action":"SyncServerConnectionManagerRequest", "result":"SYNC_SERVER_OK", "context":{"environment":"Prod_SoutheastAsia_000j", "migrationStage":"NotStarted", "server":"GENERAL01000006"}}
{"logTime": "0526/111124", "correlationVector":"Gg5lqqkOPssTKfrcxLDRXf.2","action":"Commit Response", "result":"SYNCER_OK", "context":Result: SYNCER_OK. cV=Gg5lqqkOPssTKfrcxLDRXf.0;server=GENERAL01000006;cloudType=Consumer;environment=Prod_SoutheastAsia_000j;migrationStage=NotStarted}
{"logTime": "0526/111226", "correlationVector":"bJHPbheZUaofSlGMKy7mDi","action":"Commit Request", "result":"", "context":Item count: 1
Contributing types: Sessions}
{"logTime": "0526/111226", "correlationVector":"bJHPbheZUaofSlGMKy7mDi.1","action":"SyncServerConnectionManagerRequest", "result":"SYNC_SERVER_OK", "context":{"environment":"Prod_SoutheastAsia_000j", "migrationStage":"NotStarted", "server":"GENERAL0100000H"}}
{"logTime": "0526/111226", "correlationVector":"bJHPbheZUaofSlGMKy7mDi.2","action":"Commit Response", "result":"SYNCER_OK", "context":Result: SYNCER_OK. cV=bJHPbheZUaofSlGMKy7mDi.0;server=GENERAL0100000H;cloudType=Consumer;environment=Prod_SoutheastAsia_000j;migrationStage=NotStarted}
{"logTime": "0526/111326", "correlationVector":"+RaJ1SOiDqsU9T7eiE1YQu","action":"Commit Request", "result":"", "context":Item count: 1
Contributing types: Sessions}
{"logTime": "0526/111327", "correlationVector":"+RaJ1SOiDqsU9T7eiE1YQu.1","action":"SyncServerConnectionManagerRequest", "result":"SYNC_SERVER_OK", "context":{"environment":"Prod_SoutheastAsia_000j", "migrationStage":"NotStarted", "server":"GENERAL0100001C"}}
{"logTime": "0526/111327", "correlationVector":"+RaJ1SOiDqsU9T7eiE1YQu.2","action":"Commit Response", "result":"SYNCER_OK", "context":Result: SYNCER_OK. cV=+RaJ1SOiDqsU9T7eiE1YQu.0;server=GENERAL0100001C;cloudType=Consumer;environment=Prod_SoutheastAsia_000j;migrationStage=NotStarted}
{"logTime": "0526/111453", "correlationVector":"sIDMXmkTM7+mZw/woFBt3C","action":"Normal GetUpdate request", "result":"", "context":cV=sIDMXmkTM7+mZw/woFBt3C
Notified types: Extension settings}
{"logTime": "0526/111454", "correlationVector":"sIDMXmkTM7+mZw/woFBt3C.1","action":"SyncServerConnectionManagerRequest", "result":"SYNC_SERVER_OK", "context":{"environment":"Prod_SoutheastAsia_000j", "migrationStage":"NotStarted", "server":"GENERAL01000019"}}
{"logTime": "0526/111454", "correlationVector":"sIDMXmkTM7+mZw/woFBt3C.2","action":"GetUpdates Response", "result":"SYNCER_OK", "context":Received 4 update(s). cV=sIDMXmkTM7+mZw/woFBt3C.0;server=GENERAL01000019;cloudType=Consumer;environment=Prod_SoutheastAsia_000j;migrationStage=NotStarted}
{"logTime": "0526/111624", "correlationVector":"vHgE0yOtfngPk8kawzQbgU","action":"Normal GetUpdate request", "result":"", "context":cV=vHgE0yOtfngPk8kawzQbgU
Notified types: Extension settings}
{"logTime": "0526/111625", "correlationVector":"vHgE0yOtfngPk8kawzQbgU.1","action":"SyncServerConnectionManagerRequest", "result":"SYNC_SERVER_OK", "context":{"environment":"Prod_SoutheastAsia_000j", "migrationStage":"NotStarted", "server":"GENERAL0100000T"}}
{"logTime": "0526/111625", "correlationVector":"vHgE0yOtfngPk8kawzQbgU.2","action":"GetUpdates Response", "result":"SYNCER_OK", "context":Received 2 update(s). cV=vHgE0yOtfngPk8kawzQbgU.0;server=GENERAL0100000T;cloudType=Consumer;environment=Prod_SoutheastAsia_000j;migrationStage=NotStarted}
{"logTime": "0526/111854", "correlationVector":"IFaJWMgrZ5ZVfVBwrNr7OZ","action":"Commit Request", "result":"", "context":Item count: 1
Contributing types: Sessions}
{"logTime": "0526/111854", "correlationVector":"IFaJWMgrZ5ZVfVBwrNr7OZ.1","action":"SyncServerConnectionManagerRequest", "result":"SYNC_SERVER_OK", "context":{"environment":"Prod_SoutheastAsia_000j", "migrationStage":"NotStarted", "server":"GENERAL0100000Y"}}
{"logTime": "0526/111854", "correlationVector":"IFaJWMgrZ5ZVfVBwrNr7OZ.2","action":"Commit Response", "result":"SYNCER_OK", "context":Result: SYNCER_OK. cV=IFaJWMgrZ5ZVfVBwrNr7OZ.0;server=GENERAL0100000Y;cloudType=Consumer;environment=Prod_SoutheastAsia_000j;migrationStage=NotStarted}
{"logTime": "0526/111921", "correlationVector":"FL+cP48vDISuWbFGMb/lTr","action":"Normal GetUpdate request", "result":"", "context":cV=FL+cP48vDISuWbFGMb/lTr
Notified types: Extension settings}
{"logTime": "0526/111922", "correlationVector":"FL+cP48vDISuWbFGMb/lTr.1","action":"SyncServerConnectionManagerRequest", "result":"SYNC_SERVER_OK", "context":{"environment":"Prod_SoutheastAsia_000j", "migrationStage":"NotStarted", "server":"GENERAL0100000L"}}
{"logTime": "0526/111922", "correlationVector":"FL+cP48vDISuWbFGMb/lTr.2","action":"GetUpdates Response", "result":"SYNCER_OK", "context":Received 5 update(s). cV=FL+cP48vDISuWbFGMb/lTr.0;server=GENERAL0100000L;cloudType=Consumer;environment=Prod_SoutheastAsia_000j;migrationStage=NotStarted}
{"logTime": "0526/112007", "correlationVector":"Sc29KLofHtc8TMhmHFzHNx","action":"Normal GetUpdate request", "result":"", "context":cV=Sc29KLofHtc8TMhmHFzHNx
Notified types: Extension settings}
{"logTime": "0526/112007", "correlationVector":"Sc29KLofHtc8TMhmHFzHNx.1","action":"SyncServerConnectionManagerRequest", "result":"SYNC_SERVER_OK", "context":{"environment":"Prod_SoutheastAsia_000j", "migrationStage":"NotStarted", "server":"GENERAL01000007"}}
{"logTime": "0526/112007", "correlationVector":"Sc29KLofHtc8TMhmHFzHNx.2","action":"GetUpdates Response", "result":"SYNCER_OK", "context":Received 2 update(s). cV=Sc29KLofHtc8TMhmHFzHNx.0;server=GENERAL01000007;cloudType=Consumer;environment=Prod_SoutheastAsia_000j;migrationStage=NotStarted}
{"logTime": "0526/112043", "correlationVector":"nyle58+8S7+jbMnHUcfKEw","action":"Commit Request", "result":"", "context":Item count: 1
Contributing types: Sessions}
{"logTime": "0526/112044", "correlationVector":"nyle58+8S7+jbMnHUcfKEw.1","action":"SyncServerConnectionManagerRequest", "result":"SYNC_SERVER_OK", "context":{"environment":"Prod_SoutheastAsia_000j", "migrationStage":"NotStarted", "server":"GENERAL0100001L"}}
{"logTime": "0526/112044", "correlationVector":"nyle58+8S7+jbMnHUcfKEw.2","action":"Commit Response", "result":"SYNCER_OK", "context":Result: SYNCER_OK. cV=nyle58+8S7+jbMnHUcfKEw.0;server=GENERAL0100001L;cloudType=Consumer;environment=Prod_SoutheastAsia_000j;migrationStage=NotStarted}
{"logTime": "0526/112107", "correlationVector":"UgjF9SlLFSkSwmdvHmDwyJ","action":"Normal GetUpdate request", "result":"", "context":cV=UgjF9SlLFSkSwmdvHmDwyJ
Nudged types: Sessions
Notified types: Extension settings}
{"logTime": "0526/112108", "correlationVector":"UgjF9SlLFSkSwmdvHmDwyJ.1","action":"SyncServerConnectionManagerRequest", "result":"SYNC_SERVER_OK", "context":{"environment":"Prod_SoutheastAsia_000j", "migrationStage":"NotStarted", "server":"GENERAL0100000J"}}
{"logTime": "0526/112108", "correlationVector":"UgjF9SlLFSkSwmdvHmDwyJ.2","action":"GetUpdates Response", "result":"SYNCER_OK", "context":Received 5 update(s). cV=UgjF9SlLFSkSwmdvHmDwyJ.0;server=GENERAL0100000J;cloudType=Consumer;environment=Prod_SoutheastAsia_000j;migrationStage=NotStarted}
{"logTime": "0526/112108", "correlationVector":"hsjxst2IFcAaYJK/MLfc7N","action":"Commit Request", "result":"", "context":Item count: 1
Contributing types: Sessions}
{"logTime": "0526/112108", "correlationVector":"hsjxst2IFcAaYJK/MLfc7N.1","action":"SyncServerConnectionManagerRequest", "result":"SYNC_SERVER_OK", "context":{"environment":"Prod_SoutheastAsia_000j", "migrationStage":"NotStarted", "server":"general0100001G"}}
{"logTime": "0526/112108", "correlationVector":"hsjxst2IFcAaYJK/MLfc7N.2","action":"Commit Response", "result":"SYNCER_OK", "context":Result: SYNCER_OK. cV=hsjxst2IFcAaYJK/MLfc7N.0;server=general0100001G;cloudType=Consumer;environment=Prod_SoutheastAsia_000j;migrationStage=NotStarted}
{"logTime": "0526/112122", "correlationVector":"F29skpt6Sb0QmkADiHjUHs","action":"Normal GetUpdate request", "result":"", "context":cV=F29skpt6Sb0QmkADiHjUHs
Nudged types: Sessions
Notified types: Extension settings}
{"logTime": "0526/112122", "correlationVector":"F29skpt6Sb0QmkADiHjUHs.1","action":"SyncServerConnectionManagerRequest", "result":"SYNC_SERVER_OK", "context":{"environment":"Prod_SoutheastAsia_000j", "migrationStage":"NotStarted", "server":"GENERAL0100000J"}}
{"logTime": "0526/112122", "correlationVector":"F29skpt6Sb0QmkADiHjUHs.2","action":"GetUpdates Response", "result":"SYNCER_OK", "context":Received 3 update(s). cV=F29skpt6Sb0QmkADiHjUHs.0;server=GENERAL0100000J;cloudType=Consumer;environment=Prod_SoutheastAsia_000j;migrationStage=NotStarted}
{"logTime": "0526/112127", "correlationVector":"AnSrku+pYM3P8yqNUpm1Uf","action":"Normal GetUpdate request", "result":"", "context":cV=AnSrku+pYM3P8yqNUpm1Uf
Notified types: Extension settings}
{"logTime": "0526/112127", "correlationVector":"AnSrku+pYM3P8yqNUpm1Uf.1","action":"SyncServerConnectionManagerRequest", "result":"SYNC_SERVER_OK", "context":{"environment":"Prod_SoutheastAsia_000j", "migrationStage":"NotStarted", "server":"GENERAL0100000Q"}}
{"logTime": "0526/112127", "correlationVector":"AnSrku+pYM3P8yqNUpm1Uf.2","action":"GetUpdates Response", "result":"SYNCER_OK", "context":Received 2 update(s). cV=AnSrku+pYM3P8yqNUpm1Uf.0;server=GENERAL0100000Q;cloudType=Consumer;environment=Prod_SoutheastAsia_000j;migrationStage=NotStarted}
{"logTime": "0526/112144", "correlationVector":"z88ZsXk2zAAiAQCOflUdHK","action":"Normal GetUpdate request", "result":"", "context":cV=z88ZsXk2zAAiAQCOflUdHK
Notified types: Extension settings}
{"logTime": "0526/112145", "correlationVector":"z88ZsXk2zAAiAQCOflUdHK.1","action":"SyncServerConnectionManagerRequest", "result":"SYNC_SERVER_OK", "context":{"environment":"Prod_SoutheastAsia_000j", "migrationStage":"NotStarted", "server":"GENERAL01000003"}}
{"logTime": "0526/112145", "correlationVector":"z88ZsXk2zAAiAQCOflUdHK.2","action":"GetUpdates", "result":"DeleteReceived", "context":{"id":"7c840cfb-dcfd-4514-90b3-b26e8355b605", "isDeleted:":"true", "version":"1685100141184"}}
{"logTime": "0526/112145", "correlationVector":"z88ZsXk2zAAiAQCOflUdHK.3","action":"GetUpdates Response", "result":"SYNCER_OK", "context":Received 4 update(s). cV=z88ZsXk2zAAiAQCOflUdHK.0;server=GENERAL01000003;cloudType=Consumer;environment=Prod_SoutheastAsia_000j;migrationStage=NotStarted}
{"logTime": "0526/112200", "correlationVector":"FxjmbdMy53maNOxB++2tlp","action":"Normal GetUpdate request", "result":"", "context":cV=FxjmbdMy53maNOxB++2tlp
Notified types: Extension settings}
{"logTime": "0526/112201", "correlationVector":"FxjmbdMy53maNOxB++2tlp.1","action":"SyncServerConnectionManagerRequest", "result":"SYNC_SERVER_OK", "context":{"environment":"Prod_SoutheastAsia_000j", "migrationStage":"NotStarted", "server":"GENERAL0100000L"}}
{"logTime": "0526/112201", "correlationVector":"FxjmbdMy53maNOxB++2tlp.2","action":"GetUpdates Response", "result":"SYNCER_OK", "context":Received 3 update(s). cV=FxjmbdMy53maNOxB++2tlp.0;server=GENERAL0100000L;cloudType=Consumer;environment=Prod_SoutheastAsia_000j;migrationStage=NotStarted}
{"logTime": "0526/112211", "correlationVector":"mGuIs9+33WkoogNGu4hOuj","action":"Normal GetUpdate request", "result":"", "context":cV=mGuIs9+33WkoogNGu4hOuj
Notified types: Extension settings}
{"logTime": "0526/112212", "correlationVector":"mGuIs9+33WkoogNGu4hOuj.1","action":"SyncServerConnectionManagerRequest", "result":"SYNC_SERVER_OK", "context":{"environment":"Prod_SoutheastAsia_000j", "migrationStage":"NotStarted", "server":"GENERAL0100001E"}}
{"logTime": "0526/112212", "correlationVector":"mGuIs9+33WkoogNGu4hOuj.2","action":"GetUpdates Response", "result":"SYNCER_OK", "context":Received 4 update(s). cV=mGuIs9+33WkoogNGu4hOuj.0;server=GENERAL0100001E;cloudType=Consumer;environment=Prod_SoutheastAsia_000j;migrationStage=NotStarted}
{"logTime": "0526/112216", "correlationVector":"WBrlja4oxpzk3cWYjPZjWn","action":"Normal GetUpdate request", "result":"", "context":cV=WBrlja4oxpzk3cWYjPZjWn
Notified types: Extension settings}
{"logTime": "0526/112217", "correlationVector":"WBrlja4oxpzk3cWYjPZjWn.1","action":"SyncServerConnectionManagerRequest", "result":"SYNC_SERVER_OK", "context":{"environment":"Prod_SoutheastAsia_000j", "migrationStage":"NotStarted", "server":"general01000009"}}
{"logTime": "0526/112217", "correlationVector":"WBrlja4oxpzk3cWYjPZjWn.2","action":"GetUpdates Response", "result":"SYNCER_OK", "context":Received 3 update(s). cV=WBrlja4oxpzk3cWYjPZjWn.0;server=general01000009;cloudType=Consumer;environment=Prod_SoutheastAsia_000j;migrationStage=NotStarted}
{"logTime": "0526/112247", "correlationVector":"f7VxlDzQesJ3dVnLLkmv3A","action":"Normal GetUpdate request", "result":"", "context":cV=f7VxlDzQesJ3dVnLLkmv3A
Notified types: Extension settings}
{"logTime": "0526/112247", "correlationVector":"f7VxlDzQesJ3dVnLLkmv3A.1","action":"SyncServerConnectionManagerRequest", "result":"SYNC_SERVER_OK", "context":{"environment":"Prod_SoutheastAsia_000j", "migrationStage":"NotStarted", "server":"general0100000M"}}
{"logTime": "0526/112247", "correlationVector":"f7VxlDzQesJ3dVnLLkmv3A.2","action":"GetUpdates", "result":"DeleteReceived", "context":{"id":"f4e81090-01fe-46d0-a506-3130bc6588b2", "isDeleted:":"true", "version":"1685100202706"}}
{"logTime": "0526/112247", "correlationVector":"f7VxlDzQesJ3dVnLLkmv3A.3","action":"GetUpdates Response", "result":"SYNCER_OK", "context":Received 4 update(s). cV=f7VxlDzQesJ3dVnLLkmv3A.0;server=general0100000M;cloudType=Consumer;environment=Prod_SoutheastAsia_000j;migrationStage=NotStarted}
{"logTime": "0526/112318", "correlationVector":"vpYlMkdmZP1KcCKLE6F6N4","action":"Normal GetUpdate request", "result":"", "context":cV=vpYlMkdmZP1KcCKLE6F6N4
Notified types: Extension settings}
{"logTime": "0526/112319", "correlationVector":"vpYlMkdmZP1KcCKLE6F6N4.1","action":"SyncServerConnectionManagerRequest", "result":"SYNC_SERVER_OK", "context":{"environment":"Prod_SoutheastAsia_000j", "migrationStage":"NotStarted", "server":"GENERAL0100001I"}}
{"logTime": "0526/112319", "correlationVector":"vpYlMkdmZP1KcCKLE6F6N4.2","action":"GetUpdates Response", "result":"SYNCER_OK", "context":Received 2 update(s). cV=vpYlMkdmZP1KcCKLE6F6N4.0;server=GENERAL0100001I;cloudType=Consumer;environment=Prod_SoutheastAsia_000j;migrationStage=NotStarted}
{"logTime": "0526/112326", "correlationVector":"dQj9re8ySAHnjWYTaEEM7k","action":"Normal GetUpdate request", "result":"", "context":cV=dQj9re8ySAHnjWYTaEEM7k
Notified types: Extension settings}
{"logTime": "0526/112326", "correlationVector":"dQj9re8ySAHnjWYTaEEM7k.1","action":"SyncServerConnectionManagerRequest", "result":"SYNC_SERVER_OK", "context":{"environment":"Prod_SoutheastAsia_000j", "migrationStage":"NotStarted", "server":"general01000009"}}
{"logTime": "0526/112326", "correlationVector":"dQj9re8ySAHnjWYTaEEM7k.2","action":"GetUpdates Response", "result":"SYNCER_OK", "context":Received 2 update(s). cV=dQj9re8ySAHnjWYTaEEM7k.0;server=general01000009;cloudType=Consumer;environment=Prod_SoutheastAsia_000j;migrationStage=NotStarted}
{"logTime": "0526/112645", "correlationVector":"brNZPhByZevRIcVUfNgao4","action":"Normal GetUpdate request", "result":"", "context":cV=brNZPhByZevRIcVUfNgao4
Notified types: Extension settings}
{"logTime": "0526/112646", "correlationVector":"brNZPhByZevRIcVUfNgao4.1","action":"SyncServerConnectionManagerRequest", "result":"SYNC_SERVER_OK", "context":{"environment":"Prod_SoutheastAsia_000j", "migrationStage":"NotStarted", "server":"GENERAL0100000O"}}
{"logTime": "0526/112646", "correlationVector":"brNZPhByZevRIcVUfNgao4.2","action":"GetUpdates Response", "result":"SYNCER_OK", "context":Received 2 update(s). cV=brNZPhByZevRIcVUfNgao4.0;server=GENERAL0100000O;cloudType=Consumer;environment=Prod_SoutheastAsia_000j;migrationStage=NotStarted}
{"logTime": "0526/113305", "correlationVector":"xSqRdSbjsizzeMv3jAURzt","action":"Commit Request", "result":"", "context":Item count: 1
Contributing types: Sessions}
{"logTime": "0526/113305", "correlationVector":"xSqRdSbjsizzeMv3jAURzt.1","action":"SyncServerConnectionManagerRequest", "result":"SYNC_SERVER_OK", "context":{"environment":"Prod_SoutheastAsia_000j", "migrationStage":"NotStarted", "server":"general0100000B"}}
{"logTime": "0526/113305", "correlationVector":"xSqRdSbjsizzeMv3jAURzt.2","action":"Commit Response", "result":"SYNCER_OK", "context":Result: SYNCER_OK. cV=xSqRdSbjsizzeMv3jAURzt.0;server=general0100000B;cloudType=Consumer;environment=Prod_SoutheastAsia_000j;migrationStage=NotStarted}
{"logTime": "0526/113440", "correlationVector":"ruDfwTwjGXVb9OcJrK94T4","action":"Normal GetUpdate request", "result":"", "context":cV=ruDfwTwjGXVb9OcJrK94T4
Notified types: Extension settings}
{"logTime": "0526/113441", "correlationVector":"ruDfwTwjGXVb9OcJrK94T4.1","action":"SyncServerConnectionManagerRequest", "result":"SYNC_SERVER_OK", "context":{"environment":"Prod_SoutheastAsia_000j", "migrationStage":"NotStarted", "server":"GENERAL0100001C"}}
{"logTime": "0526/113441", "correlationVector":"ruDfwTwjGXVb9OcJrK94T4.2","action":"GetUpdates Response", "result":"SYNCER_OK", "context":Received 3 update(s). cV=ruDfwTwjGXVb9OcJrK94T4.0;server=GENERAL0100001C;cloudType=Consumer;environment=Prod_SoutheastAsia_000j;migrationStage=NotStarted}
{"logTime": "0526/113605", "correlationVector":"Lhoc8gNvYP6NHZ+Yy0iqr+","action":"Normal GetUpdate request", "result":"", "context":cV=Lhoc8gNvYP6NHZ+Yy0iqr+
Notified types: Extension settings}
{"logTime": "0526/113606", "correlationVector":"Lhoc8gNvYP6NHZ+Yy0iqr+.1","action":"SyncServerConnectionManagerRequest", "result":"SYNC_SERVER_OK", "context":{"environment":"Prod_SoutheastAsia_000j", "migrationStage":"NotStarted", "server":"GENERAL0100001H"}}
{"logTime": "0526/113606", "correlationVector":"Lhoc8gNvYP6NHZ+Yy0iqr+.2","action":"GetUpdates Response", "result":"SYNCER_OK", "context":Received 4 update(s). cV=Lhoc8gNvYP6NHZ+Yy0iqr+.0;server=GENERAL0100001H;cloudType=Consumer;environment=Prod_SoutheastAsia_000j;migrationStage=NotStarted}
{"logTime": "0526/113612", "correlationVector":"m+8LyURgcSlM0fNfw0ZhXU","action":"Normal GetUpdate request", "result":"", "context":cV=m+8LyURgcSlM0fNfw0ZhXU
Notified types: Extension settings}
{"logTime": "0526/113612", "correlationVector":"m+8LyURgcSlM0fNfw0ZhXU.1","action":"SyncServerConnectionManagerRequest", "result":"SYNC_SERVER_OK", "context":{"environment":"Prod_SoutheastAsia_000j", "migrationStage":"NotStarted", "server":"GENERAL01000007"}}
{"logTime": "0526/113612", "correlationVector":"m+8LyURgcSlM0fNfw0ZhXU.2","action":"GetUpdates Response", "result":"SYNCER_OK", "context":Received 2 update(s). cV=m+8LyURgcSlM0fNfw0ZhXU.0;server=GENERAL01000007;cloudType=Consumer;environment=Prod_SoutheastAsia_000j;migrationStage=NotStarted}
{"logTime": "0526/120447", "correlationVector":"vKZOzZDvv1bAJSTD5IO/mg","action":"Normal GetUpdate request", "result":"", "context":cV=vKZOzZDvv1bAJSTD5IO/mg
Notified types: Typed URLs}
{"logTime": "0526/120447", "correlationVector":"vKZOzZDvv1bAJSTD5IO/mg.1","action":"SyncServerConnectionManagerRequest", "result":"SYNC_SERVER_OK", "context":{"environment":"Prod_SoutheastAsia_000j", "migrationStage":"NotStarted", "server":"GENERAL0100000H"}}
{"logTime": "0526/120447", "correlationVector":"vKZOzZDvv1bAJSTD5IO/mg.2","action":"GetUpdates Response", "result":"SYNCER_OK", "context":Received 2 update(s). cV=vKZOzZDvv1bAJSTD5IO/mg.0;server=GENERAL0100000H;cloudType=Consumer;environment=Prod_SoutheastAsia_000j;migrationStage=NotStarted}
{"logTime": "0526/120452", "correlationVector":"Dq3Yo7Y5n92AlGgUROS5q5","action":"Normal GetUpdate request", "result":"", "context":cV=Dq3Yo7Y5n92AlGgUROS5q5
Notified types: Extension settings}
{"logTime": "0526/120453", "correlationVector":"Dq3Yo7Y5n92AlGgUROS5q5.1","action":"SyncServerConnectionManagerRequest", "result":"SYNC_SERVER_OK", "context":{"environment":"Prod_SoutheastAsia_000j", "migrationStage":"NotStarted", "server":"GENERAL01000015"}}
{"logTime": "0526/120453", "correlationVector":"Dq3Yo7Y5n92AlGgUROS5q5.2","action":"GetUpdates Response", "result":"SYNCER_OK", "context":Received 3 update(s). cV=Dq3Yo7Y5n92AlGgUROS5q5.0;server=GENERAL01000015;cloudType=Consumer;environment=Prod_SoutheastAsia_000j;migrationStage=NotStarted}
{"logTime": "0526/120525", "correlationVector":"zXWmpso/6Gjz1h8tcMe2+f","action":"Normal GetUpdate request", "result":"", "context":cV=zXWmpso/6Gjz1h8tcMe2+f
Notified types: Extension settings}
{"logTime": "0526/120525", "correlationVector":"zXWmpso/6Gjz1h8tcMe2+f.1","action":"SyncServerConnectionManagerRequest", "result":"SYNC_SERVER_OK", "context":{"environment":"Prod_SoutheastAsia_000j", "migrationStage":"NotStarted", "server":"GENERAL0100000O"}}
{"logTime": "0526/120525", "correlationVector":"zXWmpso/6Gjz1h8tcMe2+f.2","action":"GetUpdates Response", "result":"SYNCER_OK", "context":Received 4 update(s). cV=zXWmpso/6Gjz1h8tcMe2+f.0;server=GENERAL0100000O;cloudType=Consumer;environment=Prod_SoutheastAsia_000j;migrationStage=NotStarted}
{"logTime": "0526/120902", "correlationVector":"i4M2Qf2WsvpvnySCmVO+Mr","action":"Normal GetUpdate request", "result":"", "context":cV=i4M2Qf2WsvpvnySCmVO+Mr
Notified types: Extension settings}
{"logTime": "0526/120903", "correlationVector":"i4M2Qf2WsvpvnySCmVO+Mr.1","action":"SyncServerConnectionManagerRequest", "result":"SYNC_SERVER_OK", "context":{"environment":"Prod_SoutheastAsia_000j", "migrationStage":"NotStarted", "server":"GENERAL0100000H"}}
{"logTime": "0526/120903", "correlationVector":"i4M2Qf2WsvpvnySCmVO+Mr.2","action":"GetUpdates", "result":"DeleteReceived", "context":{"id":"ace86d99-6157-41c0-a03f-d59d5fce8171", "isDeleted:":"true", "version":"1685102799968"}}
{"logTime": "0526/120903", "correlationVector":"i4M2Qf2WsvpvnySCmVO+Mr.3","action":"GetUpdates", "result":"DeleteReceived", "context":{"id":"e225b468-81a0-416c-8455-8c36c0dde31d", "isDeleted:":"true", "version":"1685102889927"}}
{"logTime": "0526/120903", "correlationVector":"i4M2Qf2WsvpvnySCmVO+Mr.4","action":"GetUpdates Response", "result":"SYNCER_OK", "context":Received 5 update(s). cV=i4M2Qf2WsvpvnySCmVO+Mr.0;server=GENERAL0100000H;cloudType=Consumer;environment=Prod_SoutheastAsia_000j;migrationStage=NotStarted}
{"logTime": "0526/122848", "correlationVector":"vC8ShiqWCkY/TzUvRXmx64","action":"Normal GetUpdate request", "result":"", "context":cV=vC8ShiqWCkY/TzUvRXmx64
Notified types: Typed URLs, Extension settings}
{"logTime": "0526/122848", "correlationVector":"vC8ShiqWCkY/TzUvRXmx64.1","action":"SyncServerConnectionManagerRequest", "result":"SYNC_SERVER_OK", "context":{"environment":"Prod_SoutheastAsia_000j", "migrationStage":"NotStarted", "server":"GENERAL0100000Q"}}
{"logTime": "0526/122848", "correlationVector":"vC8ShiqWCkY/TzUvRXmx64.2","action":"GetUpdates", "result":"DeleteReceived", "context":{"id":"d5fd5c18-f589-401a-8235-04e5debde56c", "isDeleted:":"true", "version":"1685104164199"}}
{"logTime": "0526/122848", "correlationVector":"vC8ShiqWCkY/TzUvRXmx64.3","action":"GetUpdates", "result":"DeleteReceived", "context":{"id":"b1feafa2-8876-4bbb-8cf8-b548013bf0f4", "isDeleted:":"true", "version":"1685104164200"}}
{"logTime": "0526/122848", "correlationVector":"vC8ShiqWCkY/TzUvRXmx64.4","action":"GetUpdates Response", "result":"SYNCER_OK", "context":Received 6 update(s). cV=vC8ShiqWCkY/TzUvRXmx64.0;server=GENERAL0100000Q;cloudType=Consumer;environment=Prod_SoutheastAsia_000j;migrationStage=NotStarted}
{"logTime": "0526/122859", "correlationVector":"N8REfSgfXwJSnzAaGZbyIq","action":"Normal GetUpdate request", "result":"", "context":cV=N8REfSgfXwJSnzAaGZbyIq
Notified types: Typed URLs, Extension settings}
{"logTime": "0526/122859", "correlationVector":"N8REfSgfXwJSnzAaGZbyIq.1","action":"SyncServerConnectionManagerRequest", "result":"SYNC_SERVER_OK", "context":{"environment":"Prod_SoutheastAsia_000j", "migrationStage":"NotStarted", "server":"GENERAL01000017"}}
{"logTime": "0526/122859", "correlationVector":"N8REfSgfXwJSnzAaGZbyIq.2","action":"GetUpdates Response", "result":"SYNCER_OK", "context":Received 3 update(s). cV=N8REfSgfXwJSnzAaGZbyIq.0;server=GENERAL01000017;cloudType=Consumer;environment=Prod_SoutheastAsia_000j;migrationStage=NotStarted}
{"logTime": "0526/123154", "correlationVector":"0QjeVAAkSeivM/byIJLXoi","action":"Normal GetUpdate request", "result":"", "context":cV=0QjeVAAkSeivM/byIJLXoi
Notified types: Extension settings}
{"logTime": "0526/123154", "correlationVector":"0QjeVAAkSeivM/byIJLXoi.1","action":"SyncServerConnectionManagerRequest", "result":"SYNC_SERVER_OK", "context":{"environment":"Prod_SoutheastAsia_000j", "migrationStage":"NotStarted", "server":"GENERAL0100000V"}}
{"logTime": "0526/123154", "correlationVector":"0QjeVAAkSeivM/byIJLXoi.2","action":"GetUpdates Response", "result":"SYNCER_OK", "context":Received 2 update(s). cV=0QjeVAAkSeivM/byIJLXoi.0;server=GENERAL0100000V;cloudType=Consumer;environment=Prod_SoutheastAsia_000j;migrationStage=NotStarted}
{"logTime": "0526/123225", "correlationVector":"zZ3v9AOaKiP3mIm9eQwl0n","action":"Normal GetUpdate request", "result":"", "context":cV=zZ3v9AOaKiP3mIm9eQwl0n
Notified types: Typed URLs}
{"logTime": "0526/123225", "correlationVector":"zZ3v9AOaKiP3mIm9eQwl0n.1","action":"SyncServerConnectionManagerRequest", "result":"SYNC_SERVER_OK", "context":{"environment":"Prod_SoutheastAsia_000j", "migrationStage":"NotStarted", "server":"GENERAL0100000H"}}
{"logTime": "0526/123225", "correlationVector":"zZ3v9AOaKiP3mIm9eQwl0n.2","action":"GetUpdates Response", "result":"SYNCER_OK", "context":Received 2 update(s). cV=zZ3v9AOaKiP3mIm9eQwl0n.0;server=GENERAL0100000H;cloudType=Consumer;environment=Prod_SoutheastAsia_000j;migrationStage=NotStarted}
{"logTime": "0526/123233", "correlationVector":"BeODjR3iyvIWG5n3cmRPCI","action":"Normal GetUpdate request", "result":"", "context":cV=BeODjR3iyvIWG5n3cmRPCI
Notified types: Extension settings}
{"logTime": "0526/123233", "correlationVector":"BeODjR3iyvIWG5n3cmRPCI.1","action":"SyncServerConnectionManagerRequest", "result":"SYNC_SERVER_OK", "context":{"environment":"Prod_SoutheastAsia_000j", "migrationStage":"NotStarted", "server":"GENERAL0100000D"}}
{"logTime": "0526/123233", "correlationVector":"BeODjR3iyvIWG5n3cmRPCI.2","action":"GetUpdates Response", "result":"SYNCER_OK", "context":Received 2 update(s). cV=BeODjR3iyvIWG5n3cmRPCI.0;server=GENERAL0100000D;cloudType=Consumer;environment=Prod_SoutheastAsia_000j;migrationStage=NotStarted}
{"logTime": "0526/124921", "correlationVector":"3LxB7lykD6SUOPk/tHpdcy","action":"Normal GetUpdate request", "result":"", "context":cV=3LxB7lykD6SUOPk/tHpdcy
Notified types: Extension settings}
{"logTime": "0526/124922", "correlationVector":"3LxB7lykD6SUOPk/tHpdcy.1","action":"SyncServerConnectionManagerRequest", "result":"SYNC_SERVER_OK", "context":{"environment":"Prod_SoutheastAsia_000j", "migrationStage":"NotStarted", "server":"GENERAL01000010"}}
{"logTime": "0526/124922", "correlationVector":"3LxB7lykD6SUOPk/tHpdcy.2","action":"GetUpdates", "result":"DeleteReceived", "context":{"id":"3a4f2553-f524-43b2-ad75-60bf9df6b839", "isDeleted:":"true", "version":"1685105397918"}}
{"logTime": "0526/124922", "correlationVector":"3LxB7lykD6SUOPk/tHpdcy.3","action":"GetUpdates Response", "result":"SYNCER_OK", "context":Received 4 update(s). cV=3LxB7lykD6SUOPk/tHpdcy.0;server=GENERAL01000010;cloudType=Consumer;environment=Prod_SoutheastAsia_000j;migrationStage=NotStarted}
{"logTime": "0526/130041", "correlationVector":"UZ2xigLFwOF/lPGFtwy0tC","action":"Normal GetUpdate request", "result":"", "context":cV=UZ2xigLFwOF/lPGFtwy0tC
Notified types: Extension settings}
{"logTime": "0526/130041", "correlationVector":"UZ2xigLFwOF/lPGFtwy0tC.1","action":"SyncServerConnectionManagerRequest", "result":"SYNC_SERVER_OK", "context":{"environment":"Prod_SoutheastAsia_000j", "migrationStage":"NotStarted", "server":"GENERAL0100001E"}}
{"logTime": "0526/130041", "correlationVector":"UZ2xigLFwOF/lPGFtwy0tC.2","action":"GetUpdates Response", "result":"SYNCER_OK", "context":Received 2 update(s). cV=UZ2xigLFwOF/lPGFtwy0tC.0;server=GENERAL0100001E;cloudType=Consumer;environment=Prod_SoutheastAsia_000j;migrationStage=NotStarted}
{"logTime": "0526/130114", "correlationVector":"a1Nz1jm0+kuIC7bLztPQwH","action":"Normal GetUpdate request", "result":"", "context":cV=a1Nz1jm0+kuIC7bLztPQwH
Notified types: Typed URLs, Extension settings}
{"logTime": "0526/130114", "correlationVector":"a1Nz1jm0+kuIC7bLztPQwH.1","action":"SyncServerConnectionManagerRequest", "result":"SYNC_SERVER_OK", "context":{"environment":"Prod_SoutheastAsia_000j", "migrationStage":"NotStarted", "server":"GENERAL0100000C"}}
{"logTime": "0526/130114", "correlationVector":"a1Nz1jm0+kuIC7bLztPQwH.2","action":"GetUpdates Response", "result":"SYNCER_OK", "context":Received 3 update(s). cV=a1Nz1jm0+kuIC7bLztPQwH.0;server=GENERAL0100000C;cloudType=Consumer;environment=Prod_SoutheastAsia_000j;migrationStage=NotStarted}
{"logTime": "0526/130238", "correlationVector":"UlIDxVueiL+E6jEz7z6l49","action":"Normal GetUpdate request", "result":"", "context":cV=UlIDxVueiL+E6jEz7z6l49
Notified types: Extension settings}
{"logTime": "0526/130238", "correlationVector":"UlIDxVueiL+E6jEz7z6l49.1","action":"SyncServerConnectionManagerRequest", "result":"SYNC_SERVER_OK", "context":{"environment":"Prod_SoutheastAsia_000j", "migrationStage":"NotStarted", "server":"GENERAL01000017"}}
{"logTime": "0526/130238", "correlationVector":"UlIDxVueiL+E6jEz7z6l49.2","action":"GetUpdates Response", "result":"SYNCER_OK", "context":Received 2 update(s). cV=UlIDxVueiL+E6jEz7z6l49.0;server=GENERAL01000017;cloudType=Consumer;environment=Prod_SoutheastAsia_000j;migrationStage=NotStarted}
{"logTime": "0526/130309", "correlationVector":"voeXUJYZ67a1kybUxEBezK","action":"Normal GetUpdate request", "result":"", "context":cV=voeXUJYZ67a1kybUxEBezK
Notified types: Typed URLs}
{"logTime": "0526/130310", "correlationVector":"voeXUJYZ67a1kybUxEBezK.1","action":"SyncServerConnectionManagerRequest", "result":"SYNC_SERVER_OK", "context":{"environment":"Prod_SoutheastAsia_000j", "migrationStage":"NotStarted", "server":"GENERAL0100001K"}}
{"logTime": "0526/130310", "correlationVector":"voeXUJYZ67a1kybUxEBezK.2","action":"GetUpdates Response", "result":"SYNCER_OK", "context":Received 2 update(s). cV=voeXUJYZ67a1kybUxEBezK.0;server=GENERAL0100001K;cloudType=Consumer;environment=Prod_SoutheastAsia_000j;migrationStage=NotStarted}
{"logTime": "0526/130328", "correlationVector":"w8iw3QnAi2qV4AVk88kkrb","action":"Normal GetUpdate request", "result":"", "context":cV=w8iw3QnAi2qV4AVk88kkrb
Notified types: Extension settings}
{"logTime": "0526/130329", "correlationVector":"w8iw3QnAi2qV4AVk88kkrb.1","action":"SyncServerConnectionManagerRequest", "result":"SYNC_SERVER_OK", "context":{"environment":"Prod_SoutheastAsia_000j", "migrationStage":"NotStarted", "server":"GENERAL0100001C"}}
{"logTime": "0526/130329", "correlationVector":"w8iw3QnAi2qV4AVk88kkrb.2","action":"GetUpdates Response", "result":"SYNCER_OK", "context":Received 2 update(s). cV=w8iw3QnAi2qV4AVk88kkrb.0;server=GENERAL0100001C;cloudType=Consumer;environment=Prod_SoutheastAsia_000j;migrationStage=NotStarted}
